2021-07-26 10:55:00,468 INFO [main] c.n.c.SensitiveTests [StartupInfoLogger.java:55] Starting SensitiveTests using Java 1.8.0_292 on Sili的暗影精灵4 with PID 7296 (started by 刘思理 in D:\MyFiles\Java\nowcoder\nccommunity)
2021-07-26 10:55:00,488 INFO [main] c.n.c.SensitiveTests [SpringApplication.java:659] No active profile set, falling back to default profiles: default
2021-07-26 10:55:05,266 INFO [main] o.s.b.a.w.s.WelcomePageHandlerMapping [WelcomePageHandlerMapping.java:57] Adding welcome page template: index
2021-07-26 10:55:06,174 INFO [main] c.n.c.SensitiveTests [StartupInfoLogger.java:61] Started SensitiveTests in 6.861 seconds (JVM running for 9.542)
2021-07-26 10:55:18,562 INFO [restartedMain] c.n.c.CommunityApplication [StartupInfoLogger.java:55] Starting CommunityApplication using Java 1.8.0_292 on Sili的暗影精灵4 with PID 7324 (D:\MyFiles\Java\nowcoder\nccommunity\target\classes started by 刘思理 in D:\MyFiles\Java\nowcoder\nccommunity)
2021-07-26 10:55:18,568 INFO [restartedMain] c.n.c.CommunityApplication [SpringApplication.java:659] No active profile set, falling back to default profiles: default
2021-07-26 10:55:18,680 INFO [restartedMain] o.s.b.d.e.DevToolsPropertyDefaultsPostProcessor [DeferredLog.java:255] Devtools property defaults active! Set 'spring.devtools.add-properties' to 'false' to disable
2021-07-26 10:55:18,698 INFO [restartedMain] o.s.b.d.e.DevToolsPropertyDefaultsPostProcessor [DeferredLog.java:255] For additional web related logging consider setting the 'logging.level.web' property to 'DEBUG'
2021-07-26 10:55:20,928 INFO [restartedMain] o.s.b.w.e.t.TomcatWebServer [TomcatWebServer.java:108] Tomcat initialized with port(s): 8080 (http)
2021-07-26 10:55:20,939 INFO [restartedMain] o.a.c.h.Http11NioProtocol [DirectJDKLog.java:173] Initializing ProtocolHandler ["http-nio-8080"]
2021-07-26 10:55:20,940 INFO [restartedMain] o.a.c.c.StandardService [DirectJDKLog.java:173] Starting service [Tomcat]
2021-07-26 10:55:20,940 INFO [restartedMain] o.a.c.c.StandardEngine [DirectJDKLog.java:173] Starting Servlet engine: [Apache Tomcat/9.0.48]
2021-07-26 10:55:21,021 INFO [restartedMain] o.a.c.c.C.[.[.[/community] [DirectJDKLog.java:173] Initializing Spring embedded WebApplicationContext
2021-07-26 10:55:21,022 INFO [restartedMain] o.s.b.w.s.c.ServletWebServerApplicationContext [ServletWebServerApplicationContext.java:290] Root WebApplicationContext: initialization completed in 2320 ms
2021-07-26 10:55:21,492 INFO [restartedMain] o.s.b.a.w.s.WelcomePageHandlerMapping [WelcomePageHandlerMapping.java:57] Adding welcome page template: index
2021-07-26 10:55:21,625 INFO [restartedMain] o.s.b.d.a.OptionalLiveReloadServer [OptionalLiveReloadServer.java:58] LiveReload server is running on port 35729
2021-07-26 10:55:21,639 INFO [restartedMain] o.a.c.h.Http11NioProtocol [DirectJDKLog.java:173] Starting ProtocolHandler ["http-nio-8080"]
2021-07-26 10:55:21,652 INFO [restartedMain] o.s.b.w.e.t.TomcatWebServer [TomcatWebServer.java:220] Tomcat started on port(s): 8080 (http) with context path '/community'
2021-07-26 10:55:21,661 INFO [restartedMain] c.n.c.CommunityApplication [StartupInfoLogger.java:61] Started CommunityApplication in 4.788 seconds (JVM running for 6.109)
2021-07-26 11:23:59,740 INFO [restartedMain] c.n.c.CommunityApplication [StartupInfoLogger.java:55] Starting CommunityApplication using Java 1.8.0_292 on Sili的暗影精灵4 with PID 6120 (D:\MyFiles\Java\nowcoder\nccommunity\target\classes started by 刘思理 in D:\MyFiles\Java\nowcoder\nccommunity)
2021-07-26 11:23:59,744 INFO [restartedMain] c.n.c.CommunityApplication [SpringApplication.java:659] No active profile set, falling back to default profiles: default
2021-07-26 11:23:59,794 INFO [restartedMain] o.s.b.d.e.DevToolsPropertyDefaultsPostProcessor [DeferredLog.java:255] Devtools property defaults active! Set 'spring.devtools.add-properties' to 'false' to disable
2021-07-26 11:23:59,794 INFO [restartedMain] o.s.b.d.e.DevToolsPropertyDefaultsPostProcessor [DeferredLog.java:255] For additional web related logging consider setting the 'logging.level.web' property to 'DEBUG'
2021-07-26 11:24:00,733 INFO [restartedMain] o.s.b.w.e.t.TomcatWebServer [TomcatWebServer.java:108] Tomcat initialized with port(s): 8080 (http)
2021-07-26 11:24:00,740 INFO [restartedMain] o.a.c.h.Http11NioProtocol [DirectJDKLog.java:173] Initializing ProtocolHandler ["http-nio-8080"]
2021-07-26 11:24:00,740 INFO [restartedMain] o.a.c.c.StandardService [DirectJDKLog.java:173] Starting service [Tomcat]
2021-07-26 11:24:00,741 INFO [restartedMain] o.a.c.c.StandardEngine [DirectJDKLog.java:173] Starting Servlet engine: [Apache Tomcat/9.0.48]
2021-07-26 11:24:00,808 INFO [restartedMain] o.a.c.c.C.[.[.[/community] [DirectJDKLog.java:173] Initializing Spring embedded WebApplicationContext
2021-07-26 11:24:00,808 INFO [restartedMain] o.s.b.w.s.c.ServletWebServerApplicationContext [ServletWebServerApplicationContext.java:290] Root WebApplicationContext: initialization completed in 1014 ms
2021-07-26 11:24:01,261 INFO [restartedMain] o.s.b.a.w.s.WelcomePageHandlerMapping [WelcomePageHandlerMapping.java:57] Adding welcome page template: index
2021-07-26 11:24:01,375 INFO [restartedMain] o.s.b.d.a.OptionalLiveReloadServer [OptionalLiveReloadServer.java:58] LiveReload server is running on port 35729
2021-07-26 11:24:01,388 INFO [restartedMain] o.a.c.h.Http11NioProtocol [DirectJDKLog.java:173] Starting ProtocolHandler ["http-nio-8080"]
2021-07-26 11:24:01,401 INFO [restartedMain] o.s.b.w.e.t.TomcatWebServer [TomcatWebServer.java:220] Tomcat started on port(s): 8080 (http) with context path '/community'
2021-07-26 11:24:01,408 INFO [restartedMain] c.n.c.CommunityApplication [StartupInfoLogger.java:61] Started CommunityApplication in 2.14 seconds (JVM running for 3.123)
2021-07-26 11:25:08,507 INFO [http-nio-8080-exec-1] o.a.c.c.C.[.[.[/community] [DirectJDKLog.java:173] Initializing Spring DispatcherServlet 'dispatcherServlet'
2021-07-26 11:25:08,508 INFO [http-nio-8080-exec-1] o.s.w.s.DispatcherServlet [FrameworkServlet.java:525] Initializing Servlet 'dispatcherServlet'
2021-07-26 11:25:08,508 INFO [http-nio-8080-exec-1] o.s.w.s.DispatcherServlet [FrameworkServlet.java:547] Completed initialization in 0 ms
2021-07-26 11:25:08,580 INFO [http-nio-8080-exec-1] c.z.h.HikariDataSource [HikariDataSource.java:110] HikariPool-1 - Starting...
2021-07-26 11:25:09,165 INFO [http-nio-8080-exec-1] c.z.h.HikariDataSource [HikariDataSource.java:123] HikariPool-1 - Start completed.
2021-07-26 11:28:43,259 INFO [restartedMain] c.n.c.CommunityApplication [StartupInfoLogger.java:55] Starting CommunityApplication using Java 1.8.0_292 on Sili的暗影精灵4 with PID 10548 (D:\MyFiles\Java\nowcoder\nccommunity\target\classes started by 刘思理 in D:\MyFiles\Java\nowcoder\nccommunity)
2021-07-26 11:28:43,262 INFO [restartedMain] c.n.c.CommunityApplication [SpringApplication.java:659] No active profile set, falling back to default profiles: default
2021-07-26 11:28:43,307 INFO [restartedMain] o.s.b.d.e.DevToolsPropertyDefaultsPostProcessor [DeferredLog.java:255] Devtools property defaults active! Set 'spring.devtools.add-properties' to 'false' to disable
2021-07-26 11:28:43,308 INFO [restartedMain] o.s.b.d.e.DevToolsPropertyDefaultsPostProcessor [DeferredLog.java:255] For additional web related logging consider setting the 'logging.level.web' property to 'DEBUG'
2021-07-26 11:28:44,235 INFO [restartedMain] o.s.b.w.e.t.TomcatWebServer [TomcatWebServer.java:108] Tomcat initialized with port(s): 8080 (http)
2021-07-26 11:28:44,242 INFO [restartedMain] o.a.c.h.Http11NioProtocol [DirectJDKLog.java:173] Initializing ProtocolHandler ["http-nio-8080"]
2021-07-26 11:28:44,243 INFO [restartedMain] o.a.c.c.StandardService [DirectJDKLog.java:173] Starting service [Tomcat]
2021-07-26 11:28:44,243 INFO [restartedMain] o.a.c.c.StandardEngine [DirectJDKLog.java:173] Starting Servlet engine: [Apache Tomcat/9.0.48]
2021-07-26 11:28:44,308 INFO [restartedMain] o.a.c.c.C.[.[.[/community] [DirectJDKLog.java:173] Initializing Spring embedded WebApplicationContext
2021-07-26 11:28:44,308 INFO [restartedMain] o.s.b.w.s.c.ServletWebServerApplicationContext [ServletWebServerApplicationContext.java:290] Root WebApplicationContext: initialization completed in 1000 ms
2021-07-26 11:28:44,761 INFO [restartedMain] o.s.b.a.w.s.WelcomePageHandlerMapping [WelcomePageHandlerMapping.java:57] Adding welcome page template: index
2021-07-26 11:28:44,875 INFO [restartedMain] o.s.b.d.a.OptionalLiveReloadServer [OptionalLiveReloadServer.java:58] LiveReload server is running on port 35729
2021-07-26 11:28:44,887 INFO [restartedMain] o.a.c.h.Http11NioProtocol [DirectJDKLog.java:173] Starting ProtocolHandler ["http-nio-8080"]
2021-07-26 11:28:44,899 INFO [restartedMain] o.s.b.w.e.t.TomcatWebServer [TomcatWebServer.java:220] Tomcat started on port(s): 8080 (http) with context path '/community'
2021-07-26 11:28:44,907 INFO [restartedMain] c.n.c.CommunityApplication [StartupInfoLogger.java:61] Started CommunityApplication in 2.07 seconds (JVM running for 3.251)
2021-07-26 11:28:48,625 INFO [http-nio-8080-exec-1] o.a.c.c.C.[.[.[/community] [DirectJDKLog.java:173] Initializing Spring DispatcherServlet 'dispatcherServlet'
2021-07-26 11:28:48,626 INFO [http-nio-8080-exec-1] o.s.w.s.DispatcherServlet [FrameworkServlet.java:525] Initializing Servlet 'dispatcherServlet'
2021-07-26 11:28:48,627 INFO [http-nio-8080-exec-1] o.s.w.s.DispatcherServlet [FrameworkServlet.java:547] Completed initialization in 1 ms
2021-07-26 11:28:48,674 INFO [http-nio-8080-exec-1] c.z.h.HikariDataSource [HikariDataSource.java:110] HikariPool-1 - Starting...
2021-07-26 11:28:48,909 INFO [http-nio-8080-exec-1] c.z.h.HikariDataSource [HikariDataSource.java:123] HikariPool-1 - Start completed.
2021-07-26 11:31:26,262 INFO [restartedMain] c.n.c.CommunityApplication [StartupInfoLogger.java:55] Starting CommunityApplication using Java 1.8.0_292 on Sili的暗影精灵4 with PID 11048 (D:\MyFiles\Java\nowcoder\nccommunity\target\classes started by 刘思理 in D:\MyFiles\Java\nowcoder\nccommunity)
2021-07-26 11:31:26,264 INFO [restartedMain] c.n.c.CommunityApplication [SpringApplication.java:659] No active profile set, falling back to default profiles: default
2021-07-26 11:31:26,302 INFO [restartedMain] o.s.b.d.e.DevToolsPropertyDefaultsPostProcessor [DeferredLog.java:255] Devtools property defaults active! Set 'spring.devtools.add-properties' to 'false' to disable
2021-07-26 11:31:26,302 INFO [restartedMain] o.s.b.d.e.DevToolsPropertyDefaultsPostProcessor [DeferredLog.java:255] For additional web related logging consider setting the 'logging.level.web' property to 'DEBUG'
2021-07-26 11:31:27,279 INFO [restartedMain] o.s.b.w.e.t.TomcatWebServer [TomcatWebServer.java:108] Tomcat initialized with port(s): 8080 (http)
2021-07-26 11:31:27,286 INFO [restartedMain] o.a.c.h.Http11NioProtocol [DirectJDKLog.java:173] Initializing ProtocolHandler ["http-nio-8080"]
2021-07-26 11:31:27,287 INFO [restartedMain] o.a.c.c.StandardService [DirectJDKLog.java:173] Starting service [Tomcat]
2021-07-26 11:31:27,287 INFO [restartedMain] o.a.c.c.StandardEngine [DirectJDKLog.java:173] Starting Servlet engine: [Apache Tomcat/9.0.48]
2021-07-26 11:31:27,350 INFO [restartedMain] o.a.c.c.C.[.[.[/community] [DirectJDKLog.java:173] Initializing Spring embedded WebApplicationContext
2021-07-26 11:31:27,350 INFO [restartedMain] o.s.b.w.s.c.ServletWebServerApplicationContext [ServletWebServerApplicationContext.java:290] Root WebApplicationContext: initialization completed in 1047 ms
2021-07-26 11:31:28,049 INFO [restartedMain] o.s.b.a.w.s.WelcomePageHandlerMapping [WelcomePageHandlerMapping.java:57] Adding welcome page template: index
2021-07-26 11:31:28,174 INFO [restartedMain] o.s.b.d.a.OptionalLiveReloadServer [OptionalLiveReloadServer.java:58] LiveReload server is running on port 35729
2021-07-26 11:31:28,189 INFO [restartedMain] o.a.c.h.Http11NioProtocol [DirectJDKLog.java:173] Starting ProtocolHandler ["http-nio-8080"]
2021-07-26 11:31:28,204 INFO [restartedMain] o.s.b.w.e.t.TomcatWebServer [TomcatWebServer.java:220] Tomcat started on port(s): 8080 (http) with context path '/community'
2021-07-26 11:31:28,214 INFO [restartedMain] c.n.c.CommunityApplication [StartupInfoLogger.java:61] Started CommunityApplication in 2.369 seconds (JVM running for 4.364)
2021-07-26 11:31:43,573 INFO [restartedMain] c.n.c.CommunityApplication [StartupInfoLogger.java:55] Starting CommunityApplication using Java 1.8.0_292 on Sili的暗影精灵4 with PID 12112 (D:\MyFiles\Java\nowcoder\nccommunity\target\classes started by 刘思理 in D:\MyFiles\Java\nowcoder\nccommunity)
2021-07-26 11:31:43,576 INFO [restartedMain] c.n.c.CommunityApplication [SpringApplication.java:659] No active profile set, falling back to default profiles: default
2021-07-26 11:31:43,632 INFO [restartedMain] o.s.b.d.e.DevToolsPropertyDefaultsPostProcessor [DeferredLog.java:255] Devtools property defaults active! Set 'spring.devtools.add-properties' to 'false' to disable
2021-07-26 11:31:43,632 INFO [restartedMain] o.s.b.d.e.DevToolsPropertyDefaultsPostProcessor [DeferredLog.java:255] For additional web related logging consider setting the 'logging.level.web' property to 'DEBUG'
2021-07-26 11:31:44,679 INFO [restartedMain] o.s.b.w.e.t.TomcatWebServer [TomcatWebServer.java:108] Tomcat initialized with port(s): 8080 (http)
2021-07-26 11:31:44,687 INFO [restartedMain] o.a.c.h.Http11NioProtocol [DirectJDKLog.java:173] Initializing ProtocolHandler ["http-nio-8080"]
2021-07-26 11:31:44,687 INFO [restartedMain] o.a.c.c.StandardService [DirectJDKLog.java:173] Starting service [Tomcat]
2021-07-26 11:31:44,688 INFO [restartedMain] o.a.c.c.StandardEngine [DirectJDKLog.java:173] Starting Servlet engine: [Apache Tomcat/9.0.48]
2021-07-26 11:31:44,757 INFO [restartedMain] o.a.c.c.C.[.[.[/community] [DirectJDKLog.java:173] Initializing Spring embedded WebApplicationContext
2021-07-26 11:31:44,758 INFO [restartedMain] o.s.b.w.s.c.ServletWebServerApplicationContext [ServletWebServerApplicationContext.java:290] Root WebApplicationContext: initialization completed in 1125 ms
2021-07-26 11:31:45,293 INFO [restartedMain] o.s.b.a.w.s.WelcomePageHandlerMapping [WelcomePageHandlerMapping.java:57] Adding welcome page template: index
2021-07-26 11:31:45,425 INFO [restartedMain] o.s.b.d.a.OptionalLiveReloadServer [OptionalLiveReloadServer.java:58] LiveReload server is running on port 35729
2021-07-26 11:31:45,439 INFO [restartedMain] o.a.c.h.Http11NioProtocol [DirectJDKLog.java:173] Starting ProtocolHandler ["http-nio-8080"]
2021-07-26 11:31:45,454 INFO [restartedMain] o.s.b.w.e.t.TomcatWebServer [TomcatWebServer.java:220] Tomcat started on port(s): 8080 (http) with context path '/community'
2021-07-26 11:31:45,463 INFO [restartedMain] c.n.c.CommunityApplication [StartupInfoLogger.java:61] Started CommunityApplication in 2.506 seconds (JVM running for 4.69)
2021-07-26 11:32:01,863 INFO [http-nio-8080-exec-1] o.a.c.c.C.[.[.[/community] [DirectJDKLog.java:173] Initializing Spring DispatcherServlet 'dispatcherServlet'
2021-07-26 11:32:01,863 INFO [http-nio-8080-exec-1] o.s.w.s.DispatcherServlet [FrameworkServlet.java:525] Initializing Servlet 'dispatcherServlet'
2021-07-26 11:32:01,864 INFO [http-nio-8080-exec-1] o.s.w.s.DispatcherServlet [FrameworkServlet.java:547] Completed initialization in 1 ms
2021-07-26 11:32:01,890 INFO [http-nio-8080-exec-1] c.z.h.HikariDataSource [HikariDataSource.java:110] HikariPool-1 - Starting...
2021-07-26 11:32:02,153 INFO [http-nio-8080-exec-1] c.z.h.HikariDataSource [HikariDataSource.java:123] HikariPool-1 - Start completed.
2021-07-26 11:35:09,159 INFO [SpringApplicationShutdownHook] c.z.h.HikariDataSource [HikariDataSource.java:350] HikariPool-1 - Shutdown initiated...
2021-07-26 11:35:09,170 INFO [SpringApplicationShutdownHook] c.z.h.HikariDataSource [HikariDataSource.java:352] HikariPool-1 - Shutdown completed.
2021-07-26 11:35:16,937 INFO [restartedMain] c.n.c.CommunityApplication [StartupInfoLogger.java:55] Starting CommunityApplication using Java 1.8.0_292 on Sili的暗影精灵4 with PID 4024 (D:\MyFiles\Java\nowcoder\nccommunity\target\classes started by 刘思理 in D:\MyFiles\Java\nowcoder\nccommunity)
2021-07-26 11:35:16,940 INFO [restartedMain] c.n.c.CommunityApplication [SpringApplication.java:659] No active profile set, falling back to default profiles: default
2021-07-26 11:35:16,984 INFO [restartedMain] o.s.b.d.e.DevToolsPropertyDefaultsPostProcessor [DeferredLog.java:255] Devtools property defaults active! Set 'spring.devtools.add-properties' to 'false' to disable
2021-07-26 11:35:16,984 INFO [restartedMain] o.s.b.d.e.DevToolsPropertyDefaultsPostProcessor [DeferredLog.java:255] For additional web related logging consider setting the 'logging.level.web' property to 'DEBUG'
2021-07-26 11:35:18,041 INFO [restartedMain] o.s.b.w.e.t.TomcatWebServer [TomcatWebServer.java:108] Tomcat initialized with port(s): 8080 (http)
2021-07-26 11:35:18,049 INFO [restartedMain] o.a.c.h.Http11NioProtocol [DirectJDKLog.java:173] Initializing ProtocolHandler ["http-nio-8080"]
2021-07-26 11:35:18,050 INFO [restartedMain] o.a.c.c.StandardService [DirectJDKLog.java:173] Starting service [Tomcat]
2021-07-26 11:35:18,050 INFO [restartedMain] o.a.c.c.StandardEngine [DirectJDKLog.java:173] Starting Servlet engine: [Apache Tomcat/9.0.48]
2021-07-26 11:35:18,119 INFO [restartedMain] o.a.c.c.C.[.[.[/community] [DirectJDKLog.java:173] Initializing Spring embedded WebApplicationContext
2021-07-26 11:35:18,120 INFO [restartedMain] o.s.b.w.s.c.ServletWebServerApplicationContext [ServletWebServerApplicationContext.java:290] Root WebApplicationContext: initialization completed in 1135 ms
2021-07-26 11:35:18,673 INFO [restartedMain] o.s.b.a.w.s.WelcomePageHandlerMapping [WelcomePageHandlerMapping.java:57] Adding welcome page template: index
2021-07-26 11:35:18,810 INFO [restartedMain] o.s.b.d.a.OptionalLiveReloadServer [OptionalLiveReloadServer.java:58] LiveReload server is running on port 35729
2021-07-26 11:35:18,825 INFO [restartedMain] o.a.c.h.Http11NioProtocol [DirectJDKLog.java:173] Starting ProtocolHandler ["http-nio-8080"]
2021-07-26 11:35:18,840 INFO [restartedMain] o.s.b.w.e.t.TomcatWebServer [TomcatWebServer.java:220] Tomcat started on port(s): 8080 (http) with context path '/community'
2021-07-26 11:35:18,849 INFO [restartedMain] c.n.c.CommunityApplication [StartupInfoLogger.java:61] Started CommunityApplication in 2.454 seconds (JVM running for 5.644)
2021-07-26 11:35:21,504 INFO [http-nio-8080-exec-1] o.a.c.c.C.[.[.[/community] [DirectJDKLog.java:173] Initializing Spring DispatcherServlet 'dispatcherServlet'
2021-07-26 11:35:21,504 INFO [http-nio-8080-exec-1] o.s.w.s.DispatcherServlet [FrameworkServlet.java:525] Initializing Servlet 'dispatcherServlet'
2021-07-26 11:35:21,506 INFO [http-nio-8080-exec-1] o.s.w.s.DispatcherServlet [FrameworkServlet.java:547] Completed initialization in 2 ms
2021-07-26 11:35:21,550 INFO [http-nio-8080-exec-1] c.z.h.HikariDataSource [HikariDataSource.java:110] HikariPool-1 - Starting...
2021-07-26 11:35:21,896 INFO [http-nio-8080-exec-1] c.z.h.HikariDataSource [HikariDataSource.java:123] HikariPool-1 - Start completed.
2021-07-26 11:46:10,504 INFO [SpringApplicationShutdownHook] c.z.h.HikariDataSource [HikariDataSource.java:350] HikariPool-1 - Shutdown initiated...
2021-07-26 11:46:10,510 INFO [SpringApplicationShutdownHook] c.z.h.HikariDataSource [HikariDataSource.java:352] HikariPool-1 - Shutdown completed.
2021-07-26 11:46:15,250 INFO [restartedMain] c.n.c.CommunityApplication [StartupInfoLogger.java:55] Starting CommunityApplication using Java 1.8.0_292 on Sili的暗影精灵4 with PID 5576 (D:\MyFiles\Java\nowcoder\nccommunity\target\classes started by 刘思理 in D:\MyFiles\Java\nowcoder\nccommunity)
2021-07-26 11:46:15,252 INFO [restartedMain] c.n.c.CommunityApplication [SpringApplication.java:659] No active profile set, falling back to default profiles: default
2021-07-26 11:46:15,289 INFO [restartedMain] o.s.b.d.e.DevToolsPropertyDefaultsPostProcessor [DeferredLog.java:255] Devtools property defaults active! Set 'spring.devtools.add-properties' to 'false' to disable
2021-07-26 11:46:15,289 INFO [restartedMain] o.s.b.d.e.DevToolsPropertyDefaultsPostProcessor [DeferredLog.java:255] For additional web related logging consider setting the 'logging.level.web' property to 'DEBUG'
2021-07-26 11:46:16,088 INFO [restartedMain] o.s.b.w.e.t.TomcatWebServer [TomcatWebServer.java:108] Tomcat initialized with port(s): 8080 (http)
2021-07-26 11:46:16,093 INFO [restartedMain] o.a.c.h.Http11NioProtocol [DirectJDKLog.java:173] Initializing ProtocolHandler ["http-nio-8080"]
2021-07-26 11:46:16,094 INFO [restartedMain] o.a.c.c.StandardService [DirectJDKLog.java:173] Starting service [Tomcat]
2021-07-26 11:46:16,094 INFO [restartedMain] o.a.c.c.StandardEngine [DirectJDKLog.java:173] Starting Servlet engine: [Apache Tomcat/9.0.48]
2021-07-26 11:46:16,159 INFO [restartedMain] o.a.c.c.C.[.[.[/community] [DirectJDKLog.java:173] Initializing Spring embedded WebApplicationContext
2021-07-26 11:46:16,159 INFO [restartedMain] o.s.b.w.s.c.ServletWebServerApplicationContext [ServletWebServerApplicationContext.java:290] Root WebApplicationContext: initialization completed in 870 ms
2021-07-26 11:46:16,586 INFO [restartedMain] o.s.b.a.w.s.WelcomePageHandlerMapping [WelcomePageHandlerMapping.java:57] Adding welcome page template: index
2021-07-26 11:46:16,697 INFO [restartedMain] o.s.b.d.a.OptionalLiveReloadServer [OptionalLiveReloadServer.java:58] LiveReload server is running on port 35729
2021-07-26 11:46:16,709 INFO [restartedMain] o.a.c.h.Http11NioProtocol [DirectJDKLog.java:173] Starting ProtocolHandler ["http-nio-8080"]
2021-07-26 11:46:16,722 INFO [restartedMain] o.s.b.w.e.t.TomcatWebServer [TomcatWebServer.java:220] Tomcat started on port(s): 8080 (http) with context path '/community'
2021-07-26 11:46:16,729 INFO [restartedMain] c.n.c.CommunityApplication [StartupInfoLogger.java:61] Started CommunityApplication in 1.815 seconds (JVM running for 3.626)
2021-07-26 11:46:27,609 INFO [http-nio-8080-exec-1] o.a.c.c.C.[.[.[/community] [DirectJDKLog.java:173] Initializing Spring DispatcherServlet 'dispatcherServlet'
2021-07-26 11:46:27,610 INFO [http-nio-8080-exec-1] o.s.w.s.DispatcherServlet [FrameworkServlet.java:525] Initializing Servlet 'dispatcherServlet'
2021-07-26 11:46:27,611 INFO [http-nio-8080-exec-1] o.s.w.s.DispatcherServlet [FrameworkServlet.java:547] Completed initialization in 1 ms
2021-07-26 11:46:27,637 INFO [http-nio-8080-exec-1] c.z.h.HikariDataSource [HikariDataSource.java:110] HikariPool-1 - Starting...
2021-07-26 11:46:27,877 INFO [http-nio-8080-exec-1] c.z.h.HikariDataSource [HikariDataSource.java:123] HikariPool-1 - Start completed.
2021-07-26 12:46:45,364 INFO [restartedMain] c.n.c.CommunityApplication [StartupInfoLogger.java:55] Starting CommunityApplication using Java 1.8.0_292 on Sili的暗影精灵4 with PID 1104 (D:\MyFiles\Java\nowcoder\nccommunity\target\classes started by 刘思理 in D:\MyFiles\Java\nowcoder\nccommunity)
2021-07-26 12:46:45,367 INFO [restartedMain] c.n.c.CommunityApplication [SpringApplication.java:659] No active profile set, falling back to default profiles: default
2021-07-26 12:46:45,423 INFO [restartedMain] o.s.b.d.e.DevToolsPropertyDefaultsPostProcessor [DeferredLog.java:255] Devtools property defaults active! Set 'spring.devtools.add-properties' to 'false' to disable
2021-07-26 12:46:45,424 INFO [restartedMain] o.s.b.d.e.DevToolsPropertyDefaultsPostProcessor [DeferredLog.java:255] For additional web related logging consider setting the 'logging.level.web' property to 'DEBUG'
2021-07-26 12:46:46,669 INFO [restartedMain] o.s.b.w.e.t.TomcatWebServer [TomcatWebServer.java:108] Tomcat initialized with port(s): 8080 (http)
2021-07-26 12:46:46,678 INFO [restartedMain] o.a.c.h.Http11NioProtocol [DirectJDKLog.java:173] Initializing ProtocolHandler ["http-nio-8080"]
2021-07-26 12:46:46,679 INFO [restartedMain] o.a.c.c.StandardService [DirectJDKLog.java:173] Starting service [Tomcat]
2021-07-26 12:46:46,679 INFO [restartedMain] o.a.c.c.StandardEngine [DirectJDKLog.java:173] Starting Servlet engine: [Apache Tomcat/9.0.48]
2021-07-26 12:46:46,753 INFO [restartedMain] o.a.c.c.C.[.[.[/community] [DirectJDKLog.java:173] Initializing Spring embedded WebApplicationContext
2021-07-26 12:46:46,753 INFO [restartedMain] o.s.b.w.s.c.ServletWebServerApplicationContext [ServletWebServerApplicationContext.java:290] Root WebApplicationContext: initialization completed in 1329 ms
2021-07-26 12:46:47,257 INFO [restartedMain] o.s.b.a.w.s.WelcomePageHandlerMapping [WelcomePageHandlerMapping.java:57] Adding welcome page template: index
2021-07-26 12:46:47,375 INFO [restartedMain] o.s.b.d.a.OptionalLiveReloadServer [OptionalLiveReloadServer.java:58] LiveReload server is running on port 35729
2021-07-26 12:46:47,388 INFO [restartedMain] o.a.c.h.Http11NioProtocol [DirectJDKLog.java:173] Starting ProtocolHandler ["http-nio-8080"]
2021-07-26 12:46:47,408 INFO [restartedMain] o.s.b.w.e.t.TomcatWebServer [TomcatWebServer.java:220] Tomcat started on port(s): 8080 (http) with context path '/community'
2021-07-26 12:46:47,416 INFO [restartedMain] c.n.c.CommunityApplication [StartupInfoLogger.java:61] Started CommunityApplication in 2.507 seconds (JVM running for 3.706)
2021-07-26 12:46:55,757 INFO [http-nio-8080-exec-1] o.a.c.c.C.[.[.[/community] [DirectJDKLog.java:173] Initializing Spring DispatcherServlet 'dispatcherServlet'
2021-07-26 12:46:55,758 INFO [http-nio-8080-exec-1] o.s.w.s.DispatcherServlet [FrameworkServlet.java:525] Initializing Servlet 'dispatcherServlet'
2021-07-26 12:46:55,759 INFO [http-nio-8080-exec-1] o.s.w.s.DispatcherServlet [FrameworkServlet.java:547] Completed initialization in 1 ms
2021-07-26 12:46:55,780 INFO [http-nio-8080-exec-1] c.z.h.HikariDataSource [HikariDataSource.java:110] HikariPool-1 - Starting...
2021-07-26 12:46:56,026 INFO [http-nio-8080-exec-1] c.z.h.HikariDataSource [HikariDataSource.java:123] HikariPool-1 - Start completed.
2021-07-26 17:26:19,494 INFO [restartedMain] c.n.c.CommunityApplication [StartupInfoLogger.java:55] Starting CommunityApplication using Java 1.8.0_292 on Sili的暗影精灵4 with PID 12180 (D:\MyFiles\Java\nowcoder\nccommunity\target\classes started by 刘思理 in D:\MyFiles\Java\nowcoder\nccommunity)
2021-07-26 17:26:19,496 INFO [restartedMain] c.n.c.CommunityApplication [SpringApplication.java:659] No active profile set, falling back to default profiles: default
2021-07-26 17:26:19,541 INFO [restartedMain] o.s.b.d.e.DevToolsPropertyDefaultsPostProcessor [DeferredLog.java:255] Devtools property defaults active! Set 'spring.devtools.add-properties' to 'false' to disable
2021-07-26 17:26:19,542 INFO [restartedMain] o.s.b.d.e.DevToolsPropertyDefaultsPostProcessor [DeferredLog.java:255] For additional web related logging consider setting the 'logging.level.web' property to 'DEBUG'
2021-07-26 17:26:21,328 INFO [restartedMain] o.s.b.w.e.t.TomcatWebServer [TomcatWebServer.java:108] Tomcat initialized with port(s): 8080 (http)
2021-07-26 17:26:21,335 INFO [restartedMain] o.a.c.h.Http11NioProtocol [DirectJDKLog.java:173] Initializing ProtocolHandler ["http-nio-8080"]
2021-07-26 17:26:21,335 INFO [restartedMain] o.a.c.c.StandardService [DirectJDKLog.java:173] Starting service [Tomcat]
2021-07-26 17:26:21,335 INFO [restartedMain] o.a.c.c.StandardEngine [DirectJDKLog.java:173] Starting Servlet engine: [Apache Tomcat/9.0.48]
2021-07-26 17:26:21,404 INFO [restartedMain] o.a.c.c.C.[.[.[/community] [DirectJDKLog.java:173] Initializing Spring embedded WebApplicationContext
2021-07-26 17:26:21,405 INFO [restartedMain] o.s.b.w.s.c.ServletWebServerApplicationContext [ServletWebServerApplicationContext.java:290] Root WebApplicationContext: initialization completed in 1862 ms
2021-07-26 17:26:21,899 INFO [restartedMain] o.s.b.a.w.s.WelcomePageHandlerMapping [WelcomePageHandlerMapping.java:57] Adding welcome page template: index
2021-07-26 17:26:22,015 INFO [restartedMain] o.s.b.d.a.OptionalLiveReloadServer [OptionalLiveReloadServer.java:58] LiveReload server is running on port 35729
2021-07-26 17:26:22,028 INFO [restartedMain] o.a.c.h.Http11NioProtocol [DirectJDKLog.java:173] Starting ProtocolHandler ["http-nio-8080"]
2021-07-26 17:26:22,040 INFO [restartedMain] o.s.b.w.e.t.TomcatWebServer [TomcatWebServer.java:220] Tomcat started on port(s): 8080 (http) with context path '/community'
2021-07-26 17:26:22,050 INFO [restartedMain] c.n.c.CommunityApplication [StartupInfoLogger.java:61] Started CommunityApplication in 2.952 seconds (JVM running for 4.562)
2021-07-26 17:26:51,798 INFO [http-nio-8080-exec-1] o.a.c.c.C.[.[.[/community] [DirectJDKLog.java:173] Initializing Spring DispatcherServlet 'dispatcherServlet'
2021-07-26 17:26:51,799 INFO [http-nio-8080-exec-1] o.s.w.s.DispatcherServlet [FrameworkServlet.java:525] Initializing Servlet 'dispatcherServlet'
2021-07-26 17:26:51,801 INFO [http-nio-8080-exec-1] o.s.w.s.DispatcherServlet [FrameworkServlet.java:547] Completed initialization in 2 ms
2021-07-26 17:26:51,824 INFO [http-nio-8080-exec-1] c.z.h.HikariDataSource [HikariDataSource.java:110] HikariPool-1 - Starting...
2021-07-26 17:26:52,105 INFO [http-nio-8080-exec-1] c.z.h.HikariDataSource [HikariDataSource.java:123] HikariPool-1 - Start completed.
2021-07-26 17:30:14,009 INFO [restartedMain] c.n.c.CommunityApplication [StartupInfoLogger.java:55] Starting CommunityApplication using Java 1.8.0_292 on Sili的暗影精灵4 with PID 13828 (D:\MyFiles\Java\nowcoder\nccommunity\target\classes started by 刘思理 in D:\MyFiles\Java\nowcoder\nccommunity)
2021-07-26 17:30:14,013 INFO [restartedMain] c.n.c.CommunityApplication [SpringApplication.java:659] No active profile set, falling back to default profiles: default
2021-07-26 17:30:14,059 INFO [restartedMain] o.s.b.d.e.DevToolsPropertyDefaultsPostProcessor [DeferredLog.java:255] Devtools property defaults active! Set 'spring.devtools.add-properties' to 'false' to disable
2021-07-26 17:30:14,059 INFO [restartedMain] o.s.b.d.e.DevToolsPropertyDefaultsPostProcessor [DeferredLog.java:255] For additional web related logging consider setting the 'logging.level.web' property to 'DEBUG'
2021-07-26 17:30:14,965 INFO [restartedMain] o.s.b.w.e.t.TomcatWebServer [TomcatWebServer.java:108] Tomcat initialized with port(s): 8080 (http)
2021-07-26 17:30:14,971 INFO [restartedMain] o.a.c.h.Http11NioProtocol [DirectJDKLog.java:173] Initializing ProtocolHandler ["http-nio-8080"]
2021-07-26 17:30:14,972 INFO [restartedMain] o.a.c.c.StandardService [DirectJDKLog.java:173] Starting service [Tomcat]
2021-07-26 17:30:14,972 INFO [restartedMain] o.a.c.c.StandardEngine [DirectJDKLog.java:173] Starting Servlet engine: [Apache Tomcat/9.0.48]
2021-07-26 17:30:15,035 INFO [restartedMain] o.a.c.c.C.[.[.[/community] [DirectJDKLog.java:173] Initializing Spring embedded WebApplicationContext
2021-07-26 17:30:15,035 INFO [restartedMain] o.s.b.w.s.c.ServletWebServerApplicationContext [ServletWebServerApplicationContext.java:290] Root WebApplicationContext: initialization completed in 975 ms
2021-07-26 17:30:15,484 INFO [restartedMain] o.s.b.a.w.s.WelcomePageHandlerMapping [WelcomePageHandlerMapping.java:57] Adding welcome page template: index
2021-07-26 17:30:15,603 INFO [restartedMain] o.s.b.d.a.OptionalLiveReloadServer [OptionalLiveReloadServer.java:58] LiveReload server is running on port 35729
2021-07-26 17:30:15,615 INFO [restartedMain] o.a.c.h.Http11NioProtocol [DirectJDKLog.java:173] Starting ProtocolHandler ["http-nio-8080"]
2021-07-26 17:30:15,627 INFO [restartedMain] o.s.b.w.e.t.TomcatWebServer [TomcatWebServer.java:220] Tomcat started on port(s): 8080 (http) with context path '/community'
2021-07-26 17:30:15,635 INFO [restartedMain] c.n.c.CommunityApplication [StartupInfoLogger.java:61] Started CommunityApplication in 2.077 seconds (JVM running for 3.791)
2021-07-26 17:30:24,982 INFO [http-nio-8080-exec-1] o.a.c.c.C.[.[.[/community] [DirectJDKLog.java:173] Initializing Spring DispatcherServlet 'dispatcherServlet'
2021-07-26 17:30:24,982 INFO [http-nio-8080-exec-1] o.s.w.s.DispatcherServlet [FrameworkServlet.java:525] Initializing Servlet 'dispatcherServlet'
2021-07-26 17:30:24,983 INFO [http-nio-8080-exec-1] o.s.w.s.DispatcherServlet [FrameworkServlet.java:547] Completed initialization in 1 ms
2021-07-26 17:30:25,005 INFO [http-nio-8080-exec-1] c.z.h.HikariDataSource [HikariDataSource.java:110] HikariPool-1 - Starting...
2021-07-26 17:30:25,227 INFO [http-nio-8080-exec-1] c.z.h.HikariDataSource [HikariDataSource.java:123] HikariPool-1 - Start completed.
2021-07-26 18:47:12,688 INFO [restartedMain] c.n.c.CommunityApplication [StartupInfoLogger.java:55] Starting CommunityApplication using Java 1.8.0_292 on Sili的暗影精灵4 with PID 10340 (D:\MyFiles\Java\nowcoder\nccommunity\target\classes started by 刘思理 in D:\MyFiles\Java\nowcoder\nccommunity)
2021-07-26 18:47:12,690 INFO [restartedMain] c.n.c.CommunityApplication [SpringApplication.java:659] No active profile set, falling back to default profiles: default
2021-07-26 18:47:12,736 INFO [restartedMain] o.s.b.d.e.DevToolsPropertyDefaultsPostProcessor [DeferredLog.java:255] Devtools property defaults active! Set 'spring.devtools.add-properties' to 'false' to disable
2021-07-26 18:47:12,736 INFO [restartedMain] o.s.b.d.e.DevToolsPropertyDefaultsPostProcessor [DeferredLog.java:255] For additional web related logging consider setting the 'logging.level.web' property to 'DEBUG'
2021-07-26 18:47:13,898 INFO [restartedMain] o.s.b.w.e.t.TomcatWebServer [TomcatWebServer.java:108] Tomcat initialized with port(s): 8080 (http)
2021-07-26 18:47:13,905 INFO [restartedMain] o.a.c.h.Http11NioProtocol [DirectJDKLog.java:173] Initializing ProtocolHandler ["http-nio-8080"]
2021-07-26 18:47:13,906 INFO [restartedMain] o.a.c.c.StandardService [DirectJDKLog.java:173] Starting service [Tomcat]
2021-07-26 18:47:13,906 INFO [restartedMain] o.a.c.c.StandardEngine [DirectJDKLog.java:173] Starting Servlet engine: [Apache Tomcat/9.0.48]
2021-07-26 18:47:13,981 INFO [restartedMain] o.a.c.c.C.[.[.[/community] [DirectJDKLog.java:173] Initializing Spring embedded WebApplicationContext
2021-07-26 18:47:13,981 INFO [restartedMain] o.s.b.w.s.c.ServletWebServerApplicationContext [ServletWebServerApplicationContext.java:290] Root WebApplicationContext: initialization completed in 1244 ms
2021-07-26 18:47:14,730 INFO [restartedMain] o.s.b.a.w.s.WelcomePageHandlerMapping [WelcomePageHandlerMapping.java:57] Adding welcome page template: index
2021-07-26 18:47:14,849 INFO [restartedMain] o.s.b.d.a.OptionalLiveReloadServer [OptionalLiveReloadServer.java:58] LiveReload server is running on port 35729
2021-07-26 18:47:14,861 INFO [restartedMain] o.a.c.h.Http11NioProtocol [DirectJDKLog.java:173] Starting ProtocolHandler ["http-nio-8080"]
2021-07-26 18:47:14,875 INFO [restartedMain] o.s.b.w.e.t.TomcatWebServer [TomcatWebServer.java:220] Tomcat started on port(s): 8080 (http) with context path '/community'
2021-07-26 18:47:14,884 INFO [restartedMain] c.n.c.CommunityApplication [StartupInfoLogger.java:61] Started CommunityApplication in 2.625 seconds (JVM running for 4.759)
2021-07-26 18:47:26,077 INFO [http-nio-8080-exec-1] o.a.c.c.C.[.[.[/community] [DirectJDKLog.java:173] Initializing Spring DispatcherServlet 'dispatcherServlet'
2021-07-26 18:47:26,077 INFO [http-nio-8080-exec-1] o.s.w.s.DispatcherServlet [FrameworkServlet.java:525] Initializing Servlet 'dispatcherServlet'
2021-07-26 18:47:26,078 INFO [http-nio-8080-exec-1] o.s.w.s.DispatcherServlet [FrameworkServlet.java:547] Completed initialization in 0 ms
2021-07-26 18:47:26,103 INFO [http-nio-8080-exec-1] c.z.h.HikariDataSource [HikariDataSource.java:110] HikariPool-1 - Starting...
2021-07-26 18:47:26,490 INFO [http-nio-8080-exec-1] c.z.h.HikariDataSource [HikariDataSource.java:123] HikariPool-1 - Start completed.
2021-07-26 18:48:37,257 INFO [restartedMain] c.n.c.CommunityApplication [StartupInfoLogger.java:55] Starting CommunityApplication using Java 1.8.0_292 on Sili的暗影精灵4 with PID 17588 (D:\MyFiles\Java\nowcoder\nccommunity\target\classes started by 刘思理 in D:\MyFiles\Java\nowcoder\nccommunity)
2021-07-26 18:48:37,260 INFO [restartedMain] c.n.c.CommunityApplication [SpringApplication.java:659] No active profile set, falling back to default profiles: default
2021-07-26 18:48:37,299 INFO [restartedMain] o.s.b.d.e.DevToolsPropertyDefaultsPostProcessor [DeferredLog.java:255] Devtools property defaults active! Set 'spring.devtools.add-properties' to 'false' to disable
2021-07-26 18:48:37,299 INFO [restartedMain] o.s.b.d.e.DevToolsPropertyDefaultsPostProcessor [DeferredLog.java:255] For additional web related logging consider setting the 'logging.level.web' property to 'DEBUG'
2021-07-26 18:48:38,292 INFO [restartedMain] o.s.b.w.e.t.TomcatWebServer [TomcatWebServer.java:108] Tomcat initialized with port(s): 8080 (http)
2021-07-26 18:48:38,300 INFO [restartedMain] o.a.c.h.Http11NioProtocol [DirectJDKLog.java:173] Initializing ProtocolHandler ["http-nio-8080"]
2021-07-26 18:48:38,301 INFO [restartedMain] o.a.c.c.StandardService [DirectJDKLog.java:173] Starting service [Tomcat]
2021-07-26 18:48:38,301 INFO [restartedMain] o.a.c.c.StandardEngine [DirectJDKLog.java:173] Starting Servlet engine: [Apache Tomcat/9.0.48]
2021-07-26 18:48:38,364 INFO [restartedMain] o.a.c.c.C.[.[.[/community] [DirectJDKLog.java:173] Initializing Spring embedded WebApplicationContext
2021-07-26 18:48:38,364 INFO [restartedMain] o.s.b.w.s.c.ServletWebServerApplicationContext [ServletWebServerApplicationContext.java:290] Root WebApplicationContext: initialization completed in 1064 ms
2021-07-26 18:48:39,882 INFO [restartedMain] o.s.b.a.w.s.WelcomePageHandlerMapping [WelcomePageHandlerMapping.java:57] Adding welcome page template: index
2021-07-26 18:48:40,012 INFO [restartedMain] o.s.b.d.a.OptionalLiveReloadServer [OptionalLiveReloadServer.java:58] LiveReload server is running on port 35729
2021-07-26 18:48:40,027 INFO [restartedMain] o.a.c.h.Http11NioProtocol [DirectJDKLog.java:173] Starting ProtocolHandler ["http-nio-8080"]
2021-07-26 18:48:40,054 INFO [restartedMain] o.s.b.w.e.t.TomcatWebServer [TomcatWebServer.java:220] Tomcat started on port(s): 8080 (http) with context path '/community'
2021-07-26 18:48:40,064 INFO [restartedMain] c.n.c.CommunityApplication [StartupInfoLogger.java:61] Started CommunityApplication in 3.219 seconds (JVM running for 4.775)
2021-07-26 18:48:46,394 INFO [http-nio-8080-exec-1] o.a.c.c.C.[.[.[/community] [DirectJDKLog.java:173] Initializing Spring DispatcherServlet 'dispatcherServlet'
2021-07-26 18:48:46,394 INFO [http-nio-8080-exec-1] o.s.w.s.DispatcherServlet [FrameworkServlet.java:525] Initializing Servlet 'dispatcherServlet'
2021-07-26 18:48:46,395 INFO [http-nio-8080-exec-1] o.s.w.s.DispatcherServlet [FrameworkServlet.java:547] Completed initialization in 1 ms
2021-07-26 18:48:46,423 INFO [http-nio-8080-exec-1] c.z.h.HikariDataSource [HikariDataSource.java:110] HikariPool-1 - Starting...
2021-07-26 18:48:46,764 INFO [http-nio-8080-exec-1] c.z.h.HikariDataSource [HikariDataSource.java:123] HikariPool-1 - Start completed.
2021-07-26 18:49:16,174 INFO [SpringApplicationShutdownHook] c.z.h.HikariDataSource [HikariDataSource.java:350] HikariPool-1 - Shutdown initiated...
2021-07-26 18:49:16,183 INFO [SpringApplicationShutdownHook] c.z.h.HikariDataSource [HikariDataSource.java:352] HikariPool-1 - Shutdown completed.
2021-07-26 18:49:20,767 INFO [restartedMain] c.n.c.CommunityApplication [StartupInfoLogger.java:55] Starting CommunityApplication using Java 1.8.0_292 on Sili的暗影精灵4 with PID 14580 (D:\MyFiles\Java\nowcoder\nccommunity\target\classes started by 刘思理 in D:\MyFiles\Java\nowcoder\nccommunity)
2021-07-26 18:49:20,770 INFO [restartedMain] c.n.c.CommunityApplication [SpringApplication.java:659] No active profile set, falling back to default profiles: default
2021-07-26 18:49:20,825 INFO [restartedMain] o.s.b.d.e.DevToolsPropertyDefaultsPostProcessor [DeferredLog.java:255] Devtools property defaults active! Set 'spring.devtools.add-properties' to 'false' to disable
2021-07-26 18:49:20,826 INFO [restartedMain] o.s.b.d.e.DevToolsPropertyDefaultsPostProcessor [DeferredLog.java:255] For additional web related logging consider setting the 'logging.level.web' property to 'DEBUG'
2021-07-26 18:49:21,889 INFO [restartedMain] o.s.b.w.e.t.TomcatWebServer [TomcatWebServer.java:108] Tomcat initialized with port(s): 8080 (http)
2021-07-26 18:49:21,897 INFO [restartedMain] o.a.c.h.Http11NioProtocol [DirectJDKLog.java:173] Initializing ProtocolHandler ["http-nio-8080"]
2021-07-26 18:49:21,897 INFO [restartedMain] o.a.c.c.StandardService [DirectJDKLog.java:173] Starting service [Tomcat]
2021-07-26 18:49:21,898 INFO [restartedMain] o.a.c.c.StandardEngine [DirectJDKLog.java:173] Starting Servlet engine: [Apache Tomcat/9.0.48]
2021-07-26 18:49:21,970 INFO [restartedMain] o.a.c.c.C.[.[.[/community] [DirectJDKLog.java:173] Initializing Spring embedded WebApplicationContext
2021-07-26 18:49:21,971 INFO [restartedMain] o.s.b.w.s.c.ServletWebServerApplicationContext [ServletWebServerApplicationContext.java:290] Root WebApplicationContext: initialization completed in 1145 ms
2021-07-26 18:49:22,578 INFO [restartedMain] o.s.b.a.w.s.WelcomePageHandlerMapping [WelcomePageHandlerMapping.java:57] Adding welcome page template: index
2021-07-26 18:49:22,722 INFO [restartedMain] o.s.b.d.a.OptionalLiveReloadServer [OptionalLiveReloadServer.java:58] LiveReload server is running on port 35729
2021-07-26 18:49:22,738 INFO [restartedMain] o.a.c.h.Http11NioProtocol [DirectJDKLog.java:173] Starting ProtocolHandler ["http-nio-8080"]
2021-07-26 18:49:22,754 INFO [restartedMain] o.s.b.w.e.t.TomcatWebServer [TomcatWebServer.java:220] Tomcat started on port(s): 8080 (http) with context path '/community'
2021-07-26 18:49:22,764 INFO [restartedMain] c.n.c.CommunityApplication [StartupInfoLogger.java:61] Started CommunityApplication in 2.573 seconds (JVM running for 3.837)
2021-07-26 18:49:24,141 INFO [http-nio-8080-exec-1] o.a.c.c.C.[.[.[/community] [DirectJDKLog.java:173] Initializing Spring DispatcherServlet 'dispatcherServlet'
2021-07-26 18:49:24,142 INFO [http-nio-8080-exec-1] o.s.w.s.DispatcherServlet [FrameworkServlet.java:525] Initializing Servlet 'dispatcherServlet'
2021-07-26 18:49:24,142 INFO [http-nio-8080-exec-1] o.s.w.s.DispatcherServlet [FrameworkServlet.java:547] Completed initialization in 0 ms
2021-07-26 18:49:24,169 INFO [http-nio-8080-exec-1] c.z.h.HikariDataSource [HikariDataSource.java:110] HikariPool-1 - Starting...
2021-07-26 18:49:24,427 INFO [http-nio-8080-exec-1] c.z.h.HikariDataSource [HikariDataSource.java:123] HikariPool-1 - Start completed.
2021-07-26 18:49:58,472 INFO [SpringApplicationShutdownHook] c.z.h.HikariDataSource [HikariDataSource.java:350] HikariPool-1 - Shutdown initiated...
2021-07-26 18:49:58,482 INFO [SpringApplicationShutdownHook] c.z.h.HikariDataSource [HikariDataSource.java:352] HikariPool-1 - Shutdown completed.
2021-07-26 18:50:02,535 INFO [restartedMain] c.n.c.CommunityApplication [StartupInfoLogger.java:55] Starting CommunityApplication using Java 1.8.0_292 on Sili的暗影精灵4 with PID 2800 (D:\MyFiles\Java\nowcoder\nccommunity\target\classes started by 刘思理 in D:\MyFiles\Java\nowcoder\nccommunity)
2021-07-26 18:50:02,538 INFO [restartedMain] c.n.c.CommunityApplication [SpringApplication.java:659] No active profile set, falling back to default profiles: default
2021-07-26 18:50:02,584 INFO [restartedMain] o.s.b.d.e.DevToolsPropertyDefaultsPostProcessor [DeferredLog.java:255] Devtools property defaults active! Set 'spring.devtools.add-properties' to 'false' to disable
2021-07-26 18:50:02,585 INFO [restartedMain] o.s.b.d.e.DevToolsPropertyDefaultsPostProcessor [DeferredLog.java:255] For additional web related logging consider setting the 'logging.level.web' property to 'DEBUG'
2021-07-26 18:50:03,601 INFO [restartedMain] o.s.b.w.e.t.TomcatWebServer [TomcatWebServer.java:108] Tomcat initialized with port(s): 8080 (http)
2021-07-26 18:50:03,610 INFO [restartedMain] o.a.c.h.Http11NioProtocol [DirectJDKLog.java:173] Initializing ProtocolHandler ["http-nio-8080"]
2021-07-26 18:50:03,610 INFO [restartedMain] o.a.c.c.StandardService [DirectJDKLog.java:173] Starting service [Tomcat]
2021-07-26 18:50:03,611 INFO [restartedMain] o.a.c.c.StandardEngine [DirectJDKLog.java:173] Starting Servlet engine: [Apache Tomcat/9.0.48]
2021-07-26 18:50:03,675 INFO [restartedMain] o.a.c.c.C.[.[.[/community] [DirectJDKLog.java:173] Initializing Spring embedded WebApplicationContext
2021-07-26 18:50:03,675 INFO [restartedMain] o.s.b.w.s.c.ServletWebServerApplicationContext [ServletWebServerApplicationContext.java:290] Root WebApplicationContext: initialization completed in 1090 ms
2021-07-26 18:50:04,224 INFO [restartedMain] o.s.b.a.w.s.WelcomePageHandlerMapping [WelcomePageHandlerMapping.java:57] Adding welcome page template: index
2021-07-26 18:50:04,354 INFO [restartedMain] o.s.b.d.a.OptionalLiveReloadServer [OptionalLiveReloadServer.java:58] LiveReload server is running on port 35729
2021-07-26 18:50:04,368 INFO [restartedMain] o.a.c.h.Http11NioProtocol [DirectJDKLog.java:173] Starting ProtocolHandler ["http-nio-8080"]
2021-07-26 18:50:04,382 INFO [restartedMain] o.s.b.w.e.t.TomcatWebServer [TomcatWebServer.java:220] Tomcat started on port(s): 8080 (http) with context path '/community'
2021-07-26 18:50:04,391 INFO [restartedMain] c.n.c.CommunityApplication [StartupInfoLogger.java:61] Started CommunityApplication in 2.4 seconds (JVM running for 3.605)
2021-07-26 18:50:06,326 INFO [http-nio-8080-exec-1] o.a.c.c.C.[.[.[/community] [DirectJDKLog.java:173] Initializing Spring DispatcherServlet 'dispatcherServlet'
2021-07-26 18:50:06,327 INFO [http-nio-8080-exec-1] o.s.w.s.DispatcherServlet [FrameworkServlet.java:525] Initializing Servlet 'dispatcherServlet'
2021-07-26 18:50:06,327 INFO [http-nio-8080-exec-1] o.s.w.s.DispatcherServlet [FrameworkServlet.java:547] Completed initialization in 0 ms
2021-07-26 18:50:06,355 INFO [http-nio-8080-exec-1] c.z.h.HikariDataSource [HikariDataSource.java:110] HikariPool-1 - Starting...
2021-07-26 18:50:06,639 INFO [http-nio-8080-exec-1] c.z.h.HikariDataSource [HikariDataSource.java:123] HikariPool-1 - Start completed.
2021-07-26 18:56:06,773 INFO [SpringApplicationShutdownHook] c.z.h.HikariDataSource [HikariDataSource.java:350] HikariPool-1 - Shutdown initiated...
2021-07-26 18:56:06,782 INFO [SpringApplicationShutdownHook] c.z.h.HikariDataSource [HikariDataSource.java:352] HikariPool-1 - Shutdown completed.
2021-07-26 18:56:10,580 INFO [restartedMain] c.n.c.CommunityApplication [StartupInfoLogger.java:55] Starting CommunityApplication using Java 1.8.0_292 on Sili的暗影精灵4 with PID 8964 (D:\MyFiles\Java\nowcoder\nccommunity\target\classes started by 刘思理 in D:\MyFiles\Java\nowcoder\nccommunity)
2021-07-26 18:56:10,583 INFO [restartedMain] c.n.c.CommunityApplication [SpringApplication.java:659] No active profile set, falling back to default profiles: default
2021-07-26 18:56:10,629 INFO [restartedMain] o.s.b.d.e.DevToolsPropertyDefaultsPostProcessor [DeferredLog.java:255] Devtools property defaults active! Set 'spring.devtools.add-properties' to 'false' to disable
2021-07-26 18:56:10,629 INFO [restartedMain] o.s.b.d.e.DevToolsPropertyDefaultsPostProcessor [DeferredLog.java:255] For additional web related logging consider setting the 'logging.level.web' property to 'DEBUG'
2021-07-26 18:56:11,815 INFO [restartedMain] o.s.b.w.e.t.TomcatWebServer [TomcatWebServer.java:108] Tomcat initialized with port(s): 8080 (http)
2021-07-26 18:56:11,823 INFO [restartedMain] o.a.c.h.Http11NioProtocol [DirectJDKLog.java:173] Initializing ProtocolHandler ["http-nio-8080"]
2021-07-26 18:56:11,823 INFO [restartedMain] o.a.c.c.StandardService [DirectJDKLog.java:173] Starting service [Tomcat]
2021-07-26 18:56:11,824 INFO [restartedMain] o.a.c.c.StandardEngine [DirectJDKLog.java:173] Starting Servlet engine: [Apache Tomcat/9.0.48]
2021-07-26 18:56:11,890 INFO [restartedMain] o.a.c.c.C.[.[.[/community] [DirectJDKLog.java:173] Initializing Spring embedded WebApplicationContext
2021-07-26 18:56:11,891 INFO [restartedMain] o.s.b.w.s.c.ServletWebServerApplicationContext [ServletWebServerApplicationContext.java:290] Root WebApplicationContext: initialization completed in 1262 ms
2021-07-26 18:56:12,465 INFO [restartedMain] o.s.b.a.w.s.WelcomePageHandlerMapping [WelcomePageHandlerMapping.java:57] Adding welcome page template: index
2021-07-26 18:56:12,592 INFO [restartedMain] o.s.b.d.a.OptionalLiveReloadServer [OptionalLiveReloadServer.java:58] LiveReload server is running on port 35729
2021-07-26 18:56:12,606 INFO [restartedMain] o.a.c.h.Http11NioProtocol [DirectJDKLog.java:173] Starting ProtocolHandler ["http-nio-8080"]
2021-07-26 18:56:12,622 INFO [restartedMain] o.s.b.w.e.t.TomcatWebServer [TomcatWebServer.java:220] Tomcat started on port(s): 8080 (http) with context path '/community'
2021-07-26 18:56:12,633 INFO [restartedMain] c.n.c.CommunityApplication [StartupInfoLogger.java:61] Started CommunityApplication in 2.537 seconds (JVM running for 4.06)
2021-07-26 18:56:41,320 INFO [http-nio-8080-exec-2] o.a.c.c.C.[.[.[/community] [DirectJDKLog.java:173] Initializing Spring DispatcherServlet 'dispatcherServlet'
2021-07-26 18:56:41,320 INFO [http-nio-8080-exec-2] o.s.w.s.DispatcherServlet [FrameworkServlet.java:525] Initializing Servlet 'dispatcherServlet'
2021-07-26 18:56:41,321 INFO [http-nio-8080-exec-2] o.s.w.s.DispatcherServlet [FrameworkServlet.java:547] Completed initialization in 1 ms
2021-07-26 18:56:41,351 INFO [http-nio-8080-exec-2] c.z.h.HikariDataSource [HikariDataSource.java:110] HikariPool-1 - Starting...
2021-07-26 18:56:41,632 INFO [http-nio-8080-exec-2] c.z.h.HikariDataSource [HikariDataSource.java:123] HikariPool-1 - Start completed.
2021-07-26 18:58:17,933 INFO [SpringApplicationShutdownHook] c.z.h.HikariDataSource [HikariDataSource.java:350] HikariPool-1 - Shutdown initiated...
2021-07-26 18:58:17,944 INFO [SpringApplicationShutdownHook] c.z.h.HikariDataSource [HikariDataSource.java:352] HikariPool-1 - Shutdown completed.
2021-07-26 18:58:21,714 INFO [restartedMain] c.n.c.CommunityApplication [StartupInfoLogger.java:55] Starting CommunityApplication using Java 1.8.0_292 on Sili的暗影精灵4 with PID 17476 (D:\MyFiles\Java\nowcoder\nccommunity\target\classes started by 刘思理 in D:\MyFiles\Java\nowcoder\nccommunity)
2021-07-26 18:58:21,717 INFO [restartedMain] c.n.c.CommunityApplication [SpringApplication.java:659] No active profile set, falling back to default profiles: default
2021-07-26 18:58:21,777 INFO [restartedMain] o.s.b.d.e.DevToolsPropertyDefaultsPostProcessor [DeferredLog.java:255] Devtools property defaults active! Set 'spring.devtools.add-properties' to 'false' to disable
2021-07-26 18:58:21,777 INFO [restartedMain] o.s.b.d.e.DevToolsPropertyDefaultsPostProcessor [DeferredLog.java:255] For additional web related logging consider setting the 'logging.level.web' property to 'DEBUG'
2021-07-26 18:58:22,969 INFO [restartedMain] o.s.b.w.e.t.TomcatWebServer [TomcatWebServer.java:108] Tomcat initialized with port(s): 8080 (http)
2021-07-26 18:58:22,978 INFO [restartedMain] o.a.c.h.Http11NioProtocol [DirectJDKLog.java:173] Initializing ProtocolHandler ["http-nio-8080"]
2021-07-26 18:58:22,978 INFO [restartedMain] o.a.c.c.StandardService [DirectJDKLog.java:173] Starting service [Tomcat]
2021-07-26 18:58:22,978 INFO [restartedMain] o.a.c.c.StandardEngine [DirectJDKLog.java:173] Starting Servlet engine: [Apache Tomcat/9.0.48]
2021-07-26 18:58:23,043 INFO [restartedMain] o.a.c.c.C.[.[.[/community] [DirectJDKLog.java:173] Initializing Spring embedded WebApplicationContext
2021-07-26 18:58:23,043 INFO [restartedMain] o.s.b.w.s.c.ServletWebServerApplicationContext [ServletWebServerApplicationContext.java:290] Root WebApplicationContext: initialization completed in 1265 ms
2021-07-26 18:58:23,588 INFO [restartedMain] o.s.b.a.w.s.WelcomePageHandlerMapping [WelcomePageHandlerMapping.java:57] Adding welcome page template: index
2021-07-26 18:58:23,719 INFO [restartedMain] o.s.b.d.a.OptionalLiveReloadServer [OptionalLiveReloadServer.java:58] LiveReload server is running on port 35729
2021-07-26 18:58:23,733 INFO [restartedMain] o.a.c.h.Http11NioProtocol [DirectJDKLog.java:173] Starting ProtocolHandler ["http-nio-8080"]
2021-07-26 18:58:23,748 INFO [restartedMain] o.s.b.w.e.t.TomcatWebServer [TomcatWebServer.java:220] Tomcat started on port(s): 8080 (http) with context path '/community'
2021-07-26 18:58:23,757 INFO [restartedMain] c.n.c.CommunityApplication [StartupInfoLogger.java:61] Started CommunityApplication in 2.467 seconds (JVM running for 3.74)
2021-07-26 18:58:30,048 INFO [http-nio-8080-exec-1] o.a.c.c.C.[.[.[/community] [DirectJDKLog.java:173] Initializing Spring DispatcherServlet 'dispatcherServlet'
2021-07-26 18:58:30,048 INFO [http-nio-8080-exec-1] o.s.w.s.DispatcherServlet [FrameworkServlet.java:525] Initializing Servlet 'dispatcherServlet'
2021-07-26 18:58:30,049 INFO [http-nio-8080-exec-1] o.s.w.s.DispatcherServlet [FrameworkServlet.java:547] Completed initialization in 0 ms
2021-07-26 18:58:30,078 INFO [http-nio-8080-exec-1] c.z.h.HikariDataSource [HikariDataSource.java:110] HikariPool-1 - Starting...
2021-07-26 18:58:30,469 INFO [http-nio-8080-exec-1] c.z.h.HikariDataSource [HikariDataSource.java:123] HikariPool-1 - Start completed.
2021-07-26 19:06:13,222 INFO [SpringApplicationShutdownHook] c.z.h.HikariDataSource [HikariDataSource.java:350] HikariPool-1 - Shutdown initiated...
2021-07-26 19:06:13,227 INFO [SpringApplicationShutdownHook] c.z.h.HikariDataSource [HikariDataSource.java:352] HikariPool-1 - Shutdown completed.
2021-07-26 19:06:17,256 INFO [restartedMain] c.n.c.CommunityApplication [StartupInfoLogger.java:55] Starting CommunityApplication using Java 1.8.0_292 on Sili的暗影精灵4 with PID 17388 (D:\MyFiles\Java\nowcoder\nccommunity\target\classes started by 刘思理 in D:\MyFiles\Java\nowcoder\nccommunity)
2021-07-26 19:06:17,258 INFO [restartedMain] c.n.c.CommunityApplication [SpringApplication.java:659] No active profile set, falling back to default profiles: default
2021-07-26 19:06:17,307 INFO [restartedMain] o.s.b.d.e.DevToolsPropertyDefaultsPostProcessor [DeferredLog.java:255] Devtools property defaults active! Set 'spring.devtools.add-properties' to 'false' to disable
2021-07-26 19:06:17,308 INFO [restartedMain] o.s.b.d.e.DevToolsPropertyDefaultsPostProcessor [DeferredLog.java:255] For additional web related logging consider setting the 'logging.level.web' property to 'DEBUG'
2021-07-26 19:06:18,329 INFO [restartedMain] o.s.b.w.e.t.TomcatWebServer [TomcatWebServer.java:108] Tomcat initialized with port(s): 8080 (http)
2021-07-26 19:06:18,337 INFO [restartedMain] o.a.c.h.Http11NioProtocol [DirectJDKLog.java:173] Initializing ProtocolHandler ["http-nio-8080"]
2021-07-26 19:06:18,338 INFO [restartedMain] o.a.c.c.StandardService [DirectJDKLog.java:173] Starting service [Tomcat]
2021-07-26 19:06:18,338 INFO [restartedMain] o.a.c.c.StandardEngine [DirectJDKLog.java:173] Starting Servlet engine: [Apache Tomcat/9.0.48]
2021-07-26 19:06:18,401 INFO [restartedMain] o.a.c.c.C.[.[.[/community] [DirectJDKLog.java:173] Initializing Spring embedded WebApplicationContext
2021-07-26 19:06:18,401 INFO [restartedMain] o.s.b.w.s.c.ServletWebServerApplicationContext [ServletWebServerApplicationContext.java:290] Root WebApplicationContext: initialization completed in 1093 ms
2021-07-26 19:06:18,952 INFO [restartedMain] o.s.b.a.w.s.WelcomePageHandlerMapping [WelcomePageHandlerMapping.java:57] Adding welcome page template: index
2021-07-26 19:06:19,083 INFO [restartedMain] o.s.b.d.a.OptionalLiveReloadServer [OptionalLiveReloadServer.java:58] LiveReload server is running on port 35729
2021-07-26 19:06:19,098 INFO [restartedMain] o.a.c.h.Http11NioProtocol [DirectJDKLog.java:173] Starting ProtocolHandler ["http-nio-8080"]
2021-07-26 19:06:19,114 INFO [restartedMain] o.s.b.w.e.t.TomcatWebServer [TomcatWebServer.java:220] Tomcat started on port(s): 8080 (http) with context path '/community'
2021-07-26 19:06:19,123 INFO [restartedMain] c.n.c.CommunityApplication [StartupInfoLogger.java:61] Started CommunityApplication in 2.347 seconds (JVM running for 3.914)
2021-07-26 19:07:22,115 INFO [http-nio-8080-exec-1] o.a.c.c.C.[.[.[/community] [DirectJDKLog.java:173] Initializing Spring DispatcherServlet 'dispatcherServlet'
2021-07-26 19:07:22,115 INFO [http-nio-8080-exec-1] o.s.w.s.DispatcherServlet [FrameworkServlet.java:525] Initializing Servlet 'dispatcherServlet'
2021-07-26 19:07:22,116 INFO [http-nio-8080-exec-1] o.s.w.s.DispatcherServlet [FrameworkServlet.java:547] Completed initialization in 0 ms
2021-07-26 19:07:22,144 INFO [http-nio-8080-exec-1] c.z.h.HikariDataSource [HikariDataSource.java:110] HikariPool-1 - Starting...
2021-07-26 19:07:22,451 INFO [http-nio-8080-exec-1] c.z.h.HikariDataSource [HikariDataSource.java:123] HikariPool-1 - Start completed.
2021-07-26 19:07:57,410 INFO [SpringApplicationShutdownHook] c.z.h.HikariDataSource [HikariDataSource.java:350] HikariPool-1 - Shutdown initiated...
2021-07-26 19:07:57,417 INFO [SpringApplicationShutdownHook] c.z.h.HikariDataSource [HikariDataSource.java:352] HikariPool-1 - Shutdown completed.
2021-07-26 19:08:02,939 INFO [restartedMain] c.n.c.CommunityApplication [StartupInfoLogger.java:55] Starting CommunityApplication using Java 1.8.0_292 on Sili的暗影精灵4 with PID 13620 (D:\MyFiles\Java\nowcoder\nccommunity\target\classes started by 刘思理 in D:\MyFiles\Java\nowcoder\nccommunity)
2021-07-26 19:08:02,943 INFO [restartedMain] c.n.c.CommunityApplication [SpringApplication.java:659] No active profile set, falling back to default profiles: default
2021-07-26 19:08:03,011 INFO [restartedMain] o.s.b.d.e.DevToolsPropertyDefaultsPostProcessor [DeferredLog.java:255] Devtools property defaults active! Set 'spring.devtools.add-properties' to 'false' to disable
2021-07-26 19:08:03,012 INFO [restartedMain] o.s.b.d.e.DevToolsPropertyDefaultsPostProcessor [DeferredLog.java:255] For additional web related logging consider setting the 'logging.level.web' property to 'DEBUG'
2021-07-26 19:08:05,291 INFO [restartedMain] o.s.b.w.e.t.TomcatWebServer [TomcatWebServer.java:108] Tomcat initialized with port(s): 8080 (http)
2021-07-26 19:08:05,299 INFO [restartedMain] o.a.c.h.Http11NioProtocol [DirectJDKLog.java:173] Initializing ProtocolHandler ["http-nio-8080"]
2021-07-26 19:08:05,300 INFO [restartedMain] o.a.c.c.StandardService [DirectJDKLog.java:173] Starting service [Tomcat]
2021-07-26 19:08:05,300 INFO [restartedMain] o.a.c.c.StandardEngine [DirectJDKLog.java:173] Starting Servlet engine: [Apache Tomcat/9.0.48]
2021-07-26 19:08:05,364 INFO [restartedMain] o.a.c.c.C.[.[.[/community] [DirectJDKLog.java:173] Initializing Spring embedded WebApplicationContext
2021-07-26 19:08:05,364 INFO [restartedMain] o.s.b.w.s.c.ServletWebServerApplicationContext [ServletWebServerApplicationContext.java:290] Root WebApplicationContext: initialization completed in 2351 ms
2021-07-26 19:08:05,919 INFO [restartedMain] o.s.b.a.w.s.WelcomePageHandlerMapping [WelcomePageHandlerMapping.java:57] Adding welcome page template: index
2021-07-26 19:08:06,050 INFO [restartedMain] o.s.b.d.a.OptionalLiveReloadServer [OptionalLiveReloadServer.java:58] LiveReload server is running on port 35729
2021-07-26 19:08:06,064 INFO [restartedMain] o.a.c.h.Http11NioProtocol [DirectJDKLog.java:173] Starting ProtocolHandler ["http-nio-8080"]
2021-07-26 19:08:06,080 INFO [restartedMain] o.s.b.w.e.t.TomcatWebServer [TomcatWebServer.java:220] Tomcat started on port(s): 8080 (http) with context path '/community'
2021-07-26 19:08:06,089 INFO [restartedMain] c.n.c.CommunityApplication [StartupInfoLogger.java:61] Started CommunityApplication in 4.016 seconds (JVM running for 7.646)
2021-07-26 19:09:00,913 INFO [http-nio-8080-exec-1] o.a.c.c.C.[.[.[/community] [DirectJDKLog.java:173] Initializing Spring DispatcherServlet 'dispatcherServlet'
2021-07-26 19:09:00,913 INFO [http-nio-8080-exec-1] o.s.w.s.DispatcherServlet [FrameworkServlet.java:525] Initializing Servlet 'dispatcherServlet'
2021-07-26 19:09:00,914 INFO [http-nio-8080-exec-1] o.s.w.s.DispatcherServlet [FrameworkServlet.java:547] Completed initialization in 1 ms
2021-07-26 19:09:00,944 INFO [http-nio-8080-exec-1] c.z.h.HikariDataSource [HikariDataSource.java:110] HikariPool-1 - Starting...
2021-07-26 19:09:01,241 INFO [http-nio-8080-exec-1] c.z.h.HikariDataSource [HikariDataSource.java:123] HikariPool-1 - Start completed.
2021-07-26 19:14:47,164 INFO [SpringApplicationShutdownHook] c.z.h.HikariDataSource [HikariDataSource.java:350] HikariPool-1 - Shutdown initiated...
2021-07-26 19:14:47,168 INFO [SpringApplicationShutdownHook] c.z.h.HikariDataSource [HikariDataSource.java:352] HikariPool-1 - Shutdown completed.
2021-07-26 19:14:53,296 INFO [restartedMain] c.n.c.CommunityApplication [StartupInfoLogger.java:55] Starting CommunityApplication using Java 1.8.0_292 on Sili的暗影精灵4 with PID 8224 (D:\MyFiles\Java\nowcoder\nccommunity\target\classes started by 刘思理 in D:\MyFiles\Java\nowcoder\nccommunity)
2021-07-26 19:14:53,300 INFO [restartedMain] c.n.c.CommunityApplication [SpringApplication.java:659] No active profile set, falling back to default profiles: default
2021-07-26 19:14:53,372 INFO [restartedMain] o.s.b.d.e.DevToolsPropertyDefaultsPostProcessor [DeferredLog.java:255] Devtools property defaults active! Set 'spring.devtools.add-properties' to 'false' to disable
2021-07-26 19:14:53,372 INFO [restartedMain] o.s.b.d.e.DevToolsPropertyDefaultsPostProcessor [DeferredLog.java:255] For additional web related logging consider setting the 'logging.level.web' property to 'DEBUG'
2021-07-26 19:14:55,261 INFO [restartedMain] o.s.b.w.e.t.TomcatWebServer [TomcatWebServer.java:108] Tomcat initialized with port(s): 8080 (http)
2021-07-26 19:14:55,268 INFO [restartedMain] o.a.c.h.Http11NioProtocol [DirectJDKLog.java:173] Initializing ProtocolHandler ["http-nio-8080"]
2021-07-26 19:14:55,268 INFO [restartedMain] o.a.c.c.StandardService [DirectJDKLog.java:173] Starting service [Tomcat]
2021-07-26 19:14:55,269 INFO [restartedMain] o.a.c.c.StandardEngine [DirectJDKLog.java:173] Starting Servlet engine: [Apache Tomcat/9.0.48]
2021-07-26 19:14:55,345 INFO [restartedMain] o.a.c.c.C.[.[.[/community] [DirectJDKLog.java:173] Initializing Spring embedded WebApplicationContext
2021-07-26 19:14:55,345 INFO [restartedMain] o.s.b.w.s.c.ServletWebServerApplicationContext [ServletWebServerApplicationContext.java:290] Root WebApplicationContext: initialization completed in 1972 ms
2021-07-26 19:14:55,827 INFO [restartedMain] o.s.b.a.w.s.WelcomePageHandlerMapping [WelcomePageHandlerMapping.java:57] Adding welcome page template: index
2021-07-26 19:14:55,943 INFO [restartedMain] o.s.b.d.a.OptionalLiveReloadServer [OptionalLiveReloadServer.java:58] LiveReload server is running on port 35729
2021-07-26 19:14:55,956 INFO [restartedMain] o.a.c.h.Http11NioProtocol [DirectJDKLog.java:173] Starting ProtocolHandler ["http-nio-8080"]
2021-07-26 19:14:55,969 INFO [restartedMain] o.s.b.w.e.t.TomcatWebServer [TomcatWebServer.java:220] Tomcat started on port(s): 8080 (http) with context path '/community'
2021-07-26 19:14:55,979 INFO [restartedMain] c.n.c.CommunityApplication [StartupInfoLogger.java:61] Started CommunityApplication in 3.774 seconds (JVM running for 7.839)
2021-07-26 19:14:58,190 INFO [http-nio-8080-exec-1] o.a.c.c.C.[.[.[/community] [DirectJDKLog.java:173] Initializing Spring DispatcherServlet 'dispatcherServlet'
2021-07-26 19:14:58,191 INFO [http-nio-8080-exec-1] o.s.w.s.DispatcherServlet [FrameworkServlet.java:525] Initializing Servlet 'dispatcherServlet'
2021-07-26 19:14:58,192 INFO [http-nio-8080-exec-1] o.s.w.s.DispatcherServlet [FrameworkServlet.java:547] Completed initialization in 1 ms
2021-07-26 19:14:58,320 INFO [http-nio-8080-exec-1] c.z.h.HikariDataSource [HikariDataSource.java:110] HikariPool-1 - Starting...
2021-07-26 19:14:58,946 INFO [http-nio-8080-exec-1] c.z.h.HikariDataSource [HikariDataSource.java:123] HikariPool-1 - Start completed.
2021-07-26 19:17:03,642 INFO [restartedMain] c.n.c.CommunityApplication [StartupInfoLogger.java:55] Starting CommunityApplication using Java 1.8.0_292 on Sili的暗影精灵4 with PID 17016 (D:\MyFiles\Java\nowcoder\nccommunity\target\classes started by 刘思理 in D:\MyFiles\Java\nowcoder\nccommunity)
2021-07-26 19:17:03,647 INFO [restartedMain] c.n.c.CommunityApplication [SpringApplication.java:659] No active profile set, falling back to default profiles: default
2021-07-26 19:17:03,712 INFO [restartedMain] o.s.b.d.e.DevToolsPropertyDefaultsPostProcessor [DeferredLog.java:255] Devtools property defaults active! Set 'spring.devtools.add-properties' to 'false' to disable
2021-07-26 19:17:03,713 INFO [restartedMain] o.s.b.d.e.DevToolsPropertyDefaultsPostProcessor [DeferredLog.java:255] For additional web related logging consider setting the 'logging.level.web' property to 'DEBUG'
2021-07-26 19:17:06,719 INFO [restartedMain] o.s.b.w.e.t.TomcatWebServer [TomcatWebServer.java:108] Tomcat initialized with port(s): 8080 (http)
2021-07-26 19:17:06,731 INFO [restartedMain] o.a.c.h.Http11NioProtocol [DirectJDKLog.java:173] Initializing ProtocolHandler ["http-nio-8080"]
2021-07-26 19:17:06,732 INFO [restartedMain] o.a.c.c.StandardService [DirectJDKLog.java:173] Starting service [Tomcat]
2021-07-26 19:17:06,732 INFO [restartedMain] o.a.c.c.StandardEngine [DirectJDKLog.java:173] Starting Servlet engine: [Apache Tomcat/9.0.48]
2021-07-26 19:17:06,828 INFO [restartedMain] o.a.c.c.C.[.[.[/community] [DirectJDKLog.java:173] Initializing Spring embedded WebApplicationContext
2021-07-26 19:17:06,834 INFO [restartedMain] o.s.b.w.s.c.ServletWebServerApplicationContext [ServletWebServerApplicationContext.java:290] Root WebApplicationContext: initialization completed in 3120 ms
2021-07-26 19:17:07,659 INFO [restartedMain] o.s.b.a.w.s.WelcomePageHandlerMapping [WelcomePageHandlerMapping.java:57] Adding welcome page template: index
2021-07-26 19:17:07,851 INFO [restartedMain] o.s.b.d.a.OptionalLiveReloadServer [OptionalLiveReloadServer.java:58] LiveReload server is running on port 35729
2021-07-26 19:17:07,932 INFO [restartedMain] o.a.c.h.Http11NioProtocol [DirectJDKLog.java:173] Starting ProtocolHandler ["http-nio-8080"]
2021-07-26 19:17:08,076 INFO [restartedMain] o.s.b.w.e.t.TomcatWebServer [TomcatWebServer.java:220] Tomcat started on port(s): 8080 (http) with context path '/community'
2021-07-26 19:17:08,149 INFO [restartedMain] c.n.c.CommunityApplication [StartupInfoLogger.java:61] Started CommunityApplication in 5.32 seconds (JVM running for 7.474)
2021-07-26 19:17:31,010 INFO [http-nio-8080-exec-2] o.a.c.c.C.[.[.[/community] [DirectJDKLog.java:173] Initializing Spring DispatcherServlet 'dispatcherServlet'
2021-07-26 19:17:31,011 INFO [http-nio-8080-exec-2] o.s.w.s.DispatcherServlet [FrameworkServlet.java:525] Initializing Servlet 'dispatcherServlet'
2021-07-26 19:17:31,012 INFO [http-nio-8080-exec-2] o.s.w.s.DispatcherServlet [FrameworkServlet.java:547] Completed initialization in 0 ms
2021-07-26 19:17:31,041 INFO [http-nio-8080-exec-2] c.z.h.HikariDataSource [HikariDataSource.java:110] HikariPool-1 - Starting...
2021-07-26 19:17:31,334 INFO [http-nio-8080-exec-2] c.z.h.HikariDataSource [HikariDataSource.java:123] HikariPool-1 - Start completed.
2021-07-26 19:18:10,820 INFO [SpringApplicationShutdownHook] c.z.h.HikariDataSource [HikariDataSource.java:350] HikariPool-1 - Shutdown initiated...
2021-07-26 19:18:10,825 INFO [SpringApplicationShutdownHook] c.z.h.HikariDataSource [HikariDataSource.java:352] HikariPool-1 - Shutdown completed.
2021-07-26 19:20:36,435 INFO [restartedMain] c.n.c.CommunityApplication [StartupInfoLogger.java:55] Starting CommunityApplication using Java 1.8.0_292 on Sili的暗影精灵4 with PID 5468 (D:\MyFiles\Java\nowcoder\nccommunity\target\classes started by 刘思理 in D:\MyFiles\Java\nowcoder\nccommunity)
2021-07-26 19:20:36,438 INFO [restartedMain] c.n.c.CommunityApplication [SpringApplication.java:659] No active profile set, falling back to default profiles: default
2021-07-26 19:20:36,478 INFO [restartedMain] o.s.b.d.e.DevToolsPropertyDefaultsPostProcessor [DeferredLog.java:255] Devtools property defaults active! Set 'spring.devtools.add-properties' to 'false' to disable
2021-07-26 19:20:36,478 INFO [restartedMain] o.s.b.d.e.DevToolsPropertyDefaultsPostProcessor [DeferredLog.java:255] For additional web related logging consider setting the 'logging.level.web' property to 'DEBUG'
2021-07-26 19:20:37,905 INFO [restartedMain] o.s.b.w.e.t.TomcatWebServer [TomcatWebServer.java:108] Tomcat initialized with port(s): 8080 (http)
2021-07-26 19:20:37,912 INFO [restartedMain] o.a.c.h.Http11NioProtocol [DirectJDKLog.java:173] Initializing ProtocolHandler ["http-nio-8080"]
2021-07-26 19:20:37,912 INFO [restartedMain] o.a.c.c.StandardService [DirectJDKLog.java:173] Starting service [Tomcat]
2021-07-26 19:20:37,912 INFO [restartedMain] o.a.c.c.StandardEngine [DirectJDKLog.java:173] Starting Servlet engine: [Apache Tomcat/9.0.48]
2021-07-26 19:20:37,976 INFO [restartedMain] o.a.c.c.C.[.[.[/community] [DirectJDKLog.java:173] Initializing Spring embedded WebApplicationContext
2021-07-26 19:20:37,976 INFO [restartedMain] o.s.b.w.s.c.ServletWebServerApplicationContext [ServletWebServerApplicationContext.java:290] Root WebApplicationContext: initialization completed in 1497 ms
2021-07-26 19:20:38,509 INFO [restartedMain] o.s.b.a.w.s.WelcomePageHandlerMapping [WelcomePageHandlerMapping.java:57] Adding welcome page template: index
2021-07-26 19:20:38,632 INFO [restartedMain] o.s.b.d.a.OptionalLiveReloadServer [OptionalLiveReloadServer.java:58] LiveReload server is running on port 35729
2021-07-26 19:20:38,646 INFO [restartedMain] o.a.c.h.Http11NioProtocol [DirectJDKLog.java:173] Starting ProtocolHandler ["http-nio-8080"]
2021-07-26 19:20:38,658 INFO [restartedMain] o.s.b.w.e.t.TomcatWebServer [TomcatWebServer.java:220] Tomcat started on port(s): 8080 (http) with context path '/community'
2021-07-26 19:20:38,666 INFO [restartedMain] c.n.c.CommunityApplication [StartupInfoLogger.java:61] Started CommunityApplication in 2.779 seconds (JVM running for 3.856)
2021-07-26 19:20:43,403 INFO [http-nio-8080-exec-1] o.a.c.c.C.[.[.[/community] [DirectJDKLog.java:173] Initializing Spring DispatcherServlet 'dispatcherServlet'
2021-07-26 19:20:43,404 INFO [http-nio-8080-exec-1] o.s.w.s.DispatcherServlet [FrameworkServlet.java:525] Initializing Servlet 'dispatcherServlet'
2021-07-26 19:20:43,405 INFO [http-nio-8080-exec-1] o.s.w.s.DispatcherServlet [FrameworkServlet.java:547] Completed initialization in 1 ms
2021-07-26 19:20:43,430 INFO [http-nio-8080-exec-1] c.z.h.HikariDataSource [HikariDataSource.java:110] HikariPool-1 - Starting...
2021-07-26 19:20:43,655 INFO [http-nio-8080-exec-1] c.z.h.HikariDataSource [HikariDataSource.java:123] HikariPool-1 - Start completed.
2021-07-26 22:31:10,625 INFO [restartedMain] c.n.c.CommunityApplication [StartupInfoLogger.java:55] Starting CommunityApplication using Java 1.8.0_292 on Sili的暗影精灵4 with PID 12112 (D:\MyFiles\Java\nowcoder\nccommunity\target\classes started by 刘思理 in D:\MyFiles\Java\nowcoder\nccommunity)
2021-07-26 22:31:10,649 INFO [restartedMain] c.n.c.CommunityApplication [SpringApplication.java:659] No active profile set, falling back to default profiles: default
2021-07-26 22:31:10,702 INFO [restartedMain] o.s.b.d.e.DevToolsPropertyDefaultsPostProcessor [DeferredLog.java:255] Devtools property defaults active! Set 'spring.devtools.add-properties' to 'false' to disable
2021-07-26 22:31:10,703 INFO [restartedMain] o.s.b.d.e.DevToolsPropertyDefaultsPostProcessor [DeferredLog.java:255] For additional web related logging consider setting the 'logging.level.web' property to 'DEBUG'
2021-07-26 22:31:12,018 INFO [restartedMain] o.s.b.w.e.t.TomcatWebServer [TomcatWebServer.java:108] Tomcat initialized with port(s): 8080 (http)
2021-07-26 22:31:12,026 INFO [restartedMain] o.a.c.h.Http11NioProtocol [DirectJDKLog.java:173] Initializing ProtocolHandler ["http-nio-8080"]
2021-07-26 22:31:12,026 INFO [restartedMain] o.a.c.c.StandardService [DirectJDKLog.java:173] Starting service [Tomcat]
2021-07-26 22:31:12,026 INFO [restartedMain] o.a.c.c.StandardEngine [DirectJDKLog.java:173] Starting Servlet engine: [Apache Tomcat/9.0.48]
2021-07-26 22:31:12,139 INFO [restartedMain] o.a.c.c.C.[.[.[/community] [DirectJDKLog.java:173] Initializing Spring embedded WebApplicationContext
2021-07-26 22:31:12,139 INFO [restartedMain] o.s.b.w.s.c.ServletWebServerApplicationContext [ServletWebServerApplicationContext.java:290] Root WebApplicationContext: initialization completed in 1435 ms
2021-07-26 22:31:12,838 INFO [restartedMain] o.s.b.a.w.s.WelcomePageHandlerMapping [WelcomePageHandlerMapping.java:57] Adding welcome page template: index
2021-07-26 22:31:12,961 INFO [restartedMain] o.s.b.d.a.OptionalLiveReloadServer [OptionalLiveReloadServer.java:58] LiveReload server is running on port 35729
2021-07-26 22:31:12,974 INFO [restartedMain] o.a.c.h.Http11NioProtocol [DirectJDKLog.java:173] Starting ProtocolHandler ["http-nio-8080"]
2021-07-26 22:31:12,988 INFO [restartedMain] o.s.b.w.e.t.TomcatWebServer [TomcatWebServer.java:220] Tomcat started on port(s): 8080 (http) with context path '/community'
2021-07-26 22:31:12,996 INFO [restartedMain] c.n.c.CommunityApplication [StartupInfoLogger.java:61] Started CommunityApplication in 2.994 seconds (JVM running for 5.009)
2021-07-26 22:31:44,597 INFO [http-nio-8080-exec-1] o.a.c.c.C.[.[.[/community] [DirectJDKLog.java:173] Initializing Spring DispatcherServlet 'dispatcherServlet'
2021-07-26 22:31:44,597 INFO [http-nio-8080-exec-1] o.s.w.s.DispatcherServlet [FrameworkServlet.java:525] Initializing Servlet 'dispatcherServlet'
2021-07-26 22:31:44,598 INFO [http-nio-8080-exec-1] o.s.w.s.DispatcherServlet [FrameworkServlet.java:547] Completed initialization in 1 ms
2021-07-26 22:31:44,626 INFO [http-nio-8080-exec-1] c.z.h.HikariDataSource [HikariDataSource.java:110] HikariPool-1 - Starting...
2021-07-26 22:31:45,118 INFO [http-nio-8080-exec-1] c.z.h.HikariDataSource [HikariDataSource.java:123] HikariPool-1 - Start completed.
2021-07-26 22:33:41,683 INFO [restartedMain] c.n.c.CommunityApplication [StartupInfoLogger.java:55] Starting CommunityApplication using Java 1.8.0_292 on Sili的暗影精灵4 with PID 9968 (D:\MyFiles\Java\nowcoder\nccommunity\target\classes started by 刘思理 in D:\MyFiles\Java\nowcoder\nccommunity)
2021-07-26 22:33:41,685 INFO [restartedMain] c.n.c.CommunityApplication [SpringApplication.java:659] No active profile set, falling back to default profiles: default
2021-07-26 22:33:41,739 INFO [restartedMain] o.s.b.d.e.DevToolsPropertyDefaultsPostProcessor [DeferredLog.java:255] Devtools property defaults active! Set 'spring.devtools.add-properties' to 'false' to disable
2021-07-26 22:33:41,740 INFO [restartedMain] o.s.b.d.e.DevToolsPropertyDefaultsPostProcessor [DeferredLog.java:255] For additional web related logging consider setting the 'logging.level.web' property to 'DEBUG'
2021-07-26 22:33:43,176 INFO [restartedMain] o.s.b.w.e.t.TomcatWebServer [TomcatWebServer.java:108] Tomcat initialized with port(s): 8080 (http)
2021-07-26 22:33:43,184 INFO [restartedMain] o.a.c.h.Http11NioProtocol [DirectJDKLog.java:173] Initializing ProtocolHandler ["http-nio-8080"]
2021-07-26 22:33:43,184 INFO [restartedMain] o.a.c.c.StandardService [DirectJDKLog.java:173] Starting service [Tomcat]
2021-07-26 22:33:43,184 INFO [restartedMain] o.a.c.c.StandardEngine [DirectJDKLog.java:173] Starting Servlet engine: [Apache Tomcat/9.0.48]
2021-07-26 22:33:43,254 INFO [restartedMain] o.a.c.c.C.[.[.[/community] [DirectJDKLog.java:173] Initializing Spring embedded WebApplicationContext
2021-07-26 22:33:43,254 INFO [restartedMain] o.s.b.w.s.c.ServletWebServerApplicationContext [ServletWebServerApplicationContext.java:290] Root WebApplicationContext: initialization completed in 1505 ms
2021-07-26 22:33:43,786 INFO [restartedMain] o.s.b.a.w.s.WelcomePageHandlerMapping [WelcomePageHandlerMapping.java:57] Adding welcome page template: index
2021-07-26 22:33:43,933 INFO [restartedMain] o.s.b.d.a.OptionalLiveReloadServer [OptionalLiveReloadServer.java:58] LiveReload server is running on port 35729
2021-07-26 22:33:43,950 INFO [restartedMain] o.a.c.h.Http11NioProtocol [DirectJDKLog.java:173] Starting ProtocolHandler ["http-nio-8080"]
2021-07-26 22:33:43,964 INFO [restartedMain] o.s.b.w.e.t.TomcatWebServer [TomcatWebServer.java:220] Tomcat started on port(s): 8080 (http) with context path '/community'
2021-07-26 22:33:43,974 INFO [restartedMain] c.n.c.CommunityApplication [StartupInfoLogger.java:61] Started CommunityApplication in 2.806 seconds (JVM running for 3.926)
2021-07-26 22:33:59,329 INFO [http-nio-8080-exec-2] o.a.c.c.C.[.[.[/community] [DirectJDKLog.java:173] Initializing Spring DispatcherServlet 'dispatcherServlet'
2021-07-26 22:33:59,331 INFO [http-nio-8080-exec-2] o.s.w.s.DispatcherServlet [FrameworkServlet.java:525] Initializing Servlet 'dispatcherServlet'
2021-07-26 22:33:59,333 INFO [http-nio-8080-exec-2] o.s.w.s.DispatcherServlet [FrameworkServlet.java:547] Completed initialization in 2 ms
2021-07-26 22:34:01,298 INFO [http-nio-8080-exec-4] c.z.h.HikariDataSource [HikariDataSource.java:110] HikariPool-1 - Starting...
2021-07-26 22:34:01,533 INFO [http-nio-8080-exec-4] c.z.h.HikariDataSource [HikariDataSource.java:123] HikariPool-1 - Start completed.
2021-07-26 22:45:44,994 INFO [restartedMain] c.n.c.CommunityApplication [StartupInfoLogger.java:55] Starting CommunityApplication using Java 1.8.0_292 on Sili的暗影精灵4 with PID 1100 (D:\MyFiles\Java\nowcoder\nccommunity\target\classes started by 刘思理 in D:\MyFiles\Java\nowcoder\nccommunity)
2021-07-26 22:45:44,997 INFO [restartedMain] c.n.c.CommunityApplication [SpringApplication.java:659] No active profile set, falling back to default profiles: default
2021-07-26 22:45:45,066 INFO [restartedMain] o.s.b.d.e.DevToolsPropertyDefaultsPostProcessor [DeferredLog.java:255] Devtools property defaults active! Set 'spring.devtools.add-properties' to 'false' to disable
2021-07-26 22:45:45,068 INFO [restartedMain] o.s.b.d.e.DevToolsPropertyDefaultsPostProcessor [DeferredLog.java:255] For additional web related logging consider setting the 'logging.level.web' property to 'DEBUG'
2021-07-26 22:45:46,447 INFO [restartedMain] o.s.b.w.e.t.TomcatWebServer [TomcatWebServer.java:108] Tomcat initialized with port(s): 8080 (http)
2021-07-26 22:45:46,455 INFO [restartedMain] o.a.c.h.Http11NioProtocol [DirectJDKLog.java:173] Initializing ProtocolHandler ["http-nio-8080"]
2021-07-26 22:45:46,455 INFO [restartedMain] o.a.c.c.StandardService [DirectJDKLog.java:173] Starting service [Tomcat]
2021-07-26 22:45:46,456 INFO [restartedMain] o.a.c.c.StandardEngine [DirectJDKLog.java:173] Starting Servlet engine: [Apache Tomcat/9.0.48]
2021-07-26 22:45:46,529 INFO [restartedMain] o.a.c.c.C.[.[.[/community] [DirectJDKLog.java:173] Initializing Spring embedded WebApplicationContext
2021-07-26 22:45:46,529 INFO [restartedMain] o.s.b.w.s.c.ServletWebServerApplicationContext [ServletWebServerApplicationContext.java:290] Root WebApplicationContext: initialization completed in 1460 ms
2021-07-26 22:45:47,101 INFO [restartedMain] o.s.b.a.w.s.WelcomePageHandlerMapping [WelcomePageHandlerMapping.java:57] Adding welcome page template: index
2021-07-26 22:45:47,220 INFO [restartedMain] o.s.b.d.a.OptionalLiveReloadServer [OptionalLiveReloadServer.java:58] LiveReload server is running on port 35729
2021-07-26 22:45:47,233 INFO [restartedMain] o.a.c.h.Http11NioProtocol [DirectJDKLog.java:173] Starting ProtocolHandler ["http-nio-8080"]
2021-07-26 22:45:47,247 INFO [restartedMain] o.s.b.w.e.t.TomcatWebServer [TomcatWebServer.java:220] Tomcat started on port(s): 8080 (http) with context path '/community'
2021-07-26 22:45:47,256 INFO [restartedMain] c.n.c.CommunityApplication [StartupInfoLogger.java:61] Started CommunityApplication in 2.884 seconds (JVM running for 4.398)
2021-07-26 22:45:51,642 INFO [http-nio-8080-exec-1] o.a.c.c.C.[.[.[/community] [DirectJDKLog.java:173] Initializing Spring DispatcherServlet 'dispatcherServlet'
2021-07-26 22:45:51,643 INFO [http-nio-8080-exec-1] o.s.w.s.DispatcherServlet [FrameworkServlet.java:525] Initializing Servlet 'dispatcherServlet'
2021-07-26 22:45:51,644 INFO [http-nio-8080-exec-1] o.s.w.s.DispatcherServlet [FrameworkServlet.java:547] Completed initialization in 1 ms
2021-07-26 22:45:51,666 INFO [http-nio-8080-exec-1] c.z.h.HikariDataSource [HikariDataSource.java:110] HikariPool-1 - Starting...
2021-07-26 22:45:51,948 INFO [http-nio-8080-exec-1] c.z.h.HikariDataSource [HikariDataSource.java:123] HikariPool-1 - Start completed.
2021-07-26 23:09:15,243 INFO [restartedMain] c.n.c.CommunityApplication [StartupInfoLogger.java:55] Starting CommunityApplication using Java 1.8.0_292 on Sili的暗影精灵4 with PID 10504 (D:\MyFiles\Java\nowcoder\nccommunity\target\classes started by 刘思理 in D:\MyFiles\Java\nowcoder\nccommunity)
2021-07-26 23:09:15,247 INFO [restartedMain] c.n.c.CommunityApplication [SpringApplication.java:659] No active profile set, falling back to default profiles: default
2021-07-26 23:09:15,291 INFO [restartedMain] o.s.b.d.e.DevToolsPropertyDefaultsPostProcessor [DeferredLog.java:255] Devtools property defaults active! Set 'spring.devtools.add-properties' to 'false' to disable
2021-07-26 23:09:15,292 INFO [restartedMain] o.s.b.d.e.DevToolsPropertyDefaultsPostProcessor [DeferredLog.java:255] For additional web related logging consider setting the 'logging.level.web' property to 'DEBUG'
2021-07-26 23:09:16,282 INFO [restartedMain] o.s.b.w.e.t.TomcatWebServer [TomcatWebServer.java:108] Tomcat initialized with port(s): 8080 (http)
2021-07-26 23:09:16,289 INFO [restartedMain] o.a.c.h.Http11NioProtocol [DirectJDKLog.java:173] Initializing ProtocolHandler ["http-nio-8080"]
2021-07-26 23:09:16,290 INFO [restartedMain] o.a.c.c.StandardService [DirectJDKLog.java:173] Starting service [Tomcat]
2021-07-26 23:09:16,290 INFO [restartedMain] o.a.c.c.StandardEngine [DirectJDKLog.java:173] Starting Servlet engine: [Apache Tomcat/9.0.48]
2021-07-26 23:09:16,358 INFO [restartedMain] o.a.c.c.C.[.[.[/community] [DirectJDKLog.java:173] Initializing Spring embedded WebApplicationContext
2021-07-26 23:09:16,358 INFO [restartedMain] o.s.b.w.s.c.ServletWebServerApplicationContext [ServletWebServerApplicationContext.java:290] Root WebApplicationContext: initialization completed in 1066 ms
2021-07-26 23:09:16,837 INFO [restartedMain] o.s.b.a.w.s.WelcomePageHandlerMapping [WelcomePageHandlerMapping.java:57] Adding welcome page template: index
2021-07-26 23:09:16,954 INFO [restartedMain] o.s.b.d.a.OptionalLiveReloadServer [OptionalLiveReloadServer.java:58] LiveReload server is running on port 35729
2021-07-26 23:09:16,966 INFO [restartedMain] o.a.c.h.Http11NioProtocol [DirectJDKLog.java:173] Starting ProtocolHandler ["http-nio-8080"]
2021-07-26 23:09:16,978 INFO [restartedMain] o.s.b.w.e.t.TomcatWebServer [TomcatWebServer.java:220] Tomcat started on port(s): 8080 (http) with context path '/community'
2021-07-26 23:09:16,987 INFO [restartedMain] c.n.c.CommunityApplication [StartupInfoLogger.java:61] Started CommunityApplication in 2.321 seconds (JVM running for 3.826)
2021-07-26 23:09:25,607 INFO [http-nio-8080-exec-1] o.a.c.c.C.[.[.[/community] [DirectJDKLog.java:173] Initializing Spring DispatcherServlet 'dispatcherServlet'
2021-07-26 23:09:25,607 INFO [http-nio-8080-exec-1] o.s.w.s.DispatcherServlet [FrameworkServlet.java:525] Initializing Servlet 'dispatcherServlet'
2021-07-26 23:09:25,608 INFO [http-nio-8080-exec-1] o.s.w.s.DispatcherServlet [FrameworkServlet.java:547] Completed initialization in 1 ms
2021-07-26 23:09:25,629 INFO [http-nio-8080-exec-1] c.z.h.HikariDataSource [HikariDataSource.java:110] HikariPool-1 - Starting...
2021-07-26 23:09:25,904 INFO [http-nio-8080-exec-1] c.z.h.HikariDataSource [HikariDataSource.java:123] HikariPool-1 - Start completed.
2021-07-26 23:13:54,420 INFO [restartedMain] c.n.c.CommunityApplication [StartupInfoLogger.java:55] Starting CommunityApplication using Java 1.8.0_292 on Sili的暗影精灵4 with PID 10384 (D:\MyFiles\Java\nowcoder\nccommunity\target\classes started by 刘思理 in D:\MyFiles\Java\nowcoder\nccommunity)
2021-07-26 23:13:54,423 INFO [restartedMain] c.n.c.CommunityApplication [SpringApplication.java:659] No active profile set, falling back to default profiles: default
2021-07-26 23:13:54,479 INFO [restartedMain] o.s.b.d.e.DevToolsPropertyDefaultsPostProcessor [DeferredLog.java:255] Devtools property defaults active! Set 'spring.devtools.add-properties' to 'false' to disable
2021-07-26 23:13:54,480 INFO [restartedMain] o.s.b.d.e.DevToolsPropertyDefaultsPostProcessor [DeferredLog.java:255] For additional web related logging consider setting the 'logging.level.web' property to 'DEBUG'
2021-07-26 23:13:55,383 INFO [restartedMain] o.s.b.w.e.t.TomcatWebServer [TomcatWebServer.java:108] Tomcat initialized with port(s): 8080 (http)
2021-07-26 23:13:55,390 INFO [restartedMain] o.a.c.h.Http11NioProtocol [DirectJDKLog.java:173] Initializing ProtocolHandler ["http-nio-8080"]
2021-07-26 23:13:55,390 INFO [restartedMain] o.a.c.c.StandardService [DirectJDKLog.java:173] Starting service [Tomcat]
2021-07-26 23:13:55,391 INFO [restartedMain] o.a.c.c.StandardEngine [DirectJDKLog.java:173] Starting Servlet engine: [Apache Tomcat/9.0.48]
2021-07-26 23:13:55,457 INFO [restartedMain] o.a.c.c.C.[.[.[/community] [DirectJDKLog.java:173] Initializing Spring embedded WebApplicationContext
2021-07-26 23:13:55,457 INFO [restartedMain] o.s.b.w.s.c.ServletWebServerApplicationContext [ServletWebServerApplicationContext.java:290] Root WebApplicationContext: initialization completed in 977 ms
2021-07-26 23:13:55,928 INFO [restartedMain] o.s.b.a.w.s.WelcomePageHandlerMapping [WelcomePageHandlerMapping.java:57] Adding welcome page template: index
2021-07-26 23:13:56,041 INFO [restartedMain] o.s.b.d.a.OptionalLiveReloadServer [OptionalLiveReloadServer.java:58] LiveReload server is running on port 35729
2021-07-26 23:13:56,055 INFO [restartedMain] o.a.c.h.Http11NioProtocol [DirectJDKLog.java:173] Starting ProtocolHandler ["http-nio-8080"]
2021-07-26 23:13:56,067 INFO [restartedMain] o.s.b.w.e.t.TomcatWebServer [TomcatWebServer.java:220] Tomcat started on port(s): 8080 (http) with context path '/community'
2021-07-26 23:13:56,075 INFO [restartedMain] c.n.c.CommunityApplication [StartupInfoLogger.java:61] Started CommunityApplication in 2.12 seconds (JVM running for 3.211)
2021-07-26 23:13:59,234 INFO [http-nio-8080-exec-1] o.a.c.c.C.[.[.[/community] [DirectJDKLog.java:173] Initializing Spring DispatcherServlet 'dispatcherServlet'
2021-07-26 23:13:59,234 INFO [http-nio-8080-exec-1] o.s.w.s.DispatcherServlet [FrameworkServlet.java:525] Initializing Servlet 'dispatcherServlet'
2021-07-26 23:13:59,235 INFO [http-nio-8080-exec-1] o.s.w.s.DispatcherServlet [FrameworkServlet.java:547] Completed initialization in 0 ms
2021-07-26 23:13:59,257 INFO [http-nio-8080-exec-1] c.z.h.HikariDataSource [HikariDataSource.java:110] HikariPool-1 - Starting...
2021-07-26 23:13:59,508 INFO [http-nio-8080-exec-1] c.z.h.HikariDataSource [HikariDataSource.java:123] HikariPool-1 - Start completed.
